<?xml version="1.0" encoding="UTF-8"?>
<testsuites tests="120" failures="10" disabled="0" errors="0" time="14.814" timestamp="2026-08-24T00:00:00Z" name="AllTests" random_seed="1060">
  <testsuite name="LockActuator.CommandLockTest" tests="20" failures="3" disabled="0" skipped="0" errors="0" time="2.460" timestamp="2026-08-24T00:00:00Z">
    <properties>
      <property name="jenkins_build_number" value="01" />
      <property name="module" value="LockActuator" />
      <property name="source_file" value="src/actuator/lock_actuator.cpp" />
      <property name="tested_function" value="CommandLock" />
      <property name="synthetic_data" value="true" />
      <property name="target_build_failure_rate_percent" value="8.0" />
    </properties>
    <testcase name="CommandLock_NominalInput" file="tests/actuator/lock_actuator_test.cpp" line="80" status="run" result="completed" time="0.167" timestamp="2026-08-24T00:00:00Z" classname="LockActuator.CommandLockTest" />
    <testcase name="CommandLock_LowerBoundary" file="tests/actuator/lock_actuator_test.cpp" line="84" status="run" result="completed" time="0.190" timestamp="2026-08-24T00:00:00Z" classname="LockActuator.CommandLockTest" />
    <testcase name="CommandLock_UpperBoundary" file="tests/actuator/lock_actuator_test.cpp" line="88" status="run" result="completed" time="0.005" timestamp="2026-08-24T00:00:00Z" classname="LockActuator.CommandLockTest" />
    <testcase name="CommandLock_BelowMinimum" file="tests/actuator/lock_actuator_test.cpp" line="92" status="run" result="completed" time="0.246" timestamp="2026-08-24T00:00:00Z" classname="LockActuator.CommandLockTest" />
    <testcase name="CommandLock_AboveMaximum" file="tests/actuator/lock_actuator_test.cpp" line="96" status="run" result="completed" time="0.110" timestamp="2026-08-24T00:00:00Z" classname="LockActuator.CommandLockTest" />
    <testcase name="CommandLock_MissingSignal" file="tests/actuator/lock_actuator_test.cpp" line="100" status="run" result="completed" time="0.234" timestamp="2026-08-24T00:00:00Z" classname="LockActuator.CommandLockTest" />
    <testcase name="CommandLock_SignalTimeout" file="tests/actuator/lock_actuator_test.cpp" line="104" status="run" result="completed" time="0.003" timestamp="2026-08-24T00:00:00Z" classname="LockActuator.CommandLockTest" />
    <testcase name="CommandLock_StaleSignal" file="tests/actuator/lock_actuator_test.cpp" line="108" status="run" result="completed" time="0.206" timestamp="2026-08-24T00:00:00Z" classname="LockActuator.CommandLockTest" />
    <testcase name="CommandLock_RapidToggle" file="tests/actuator/lock_actuator_test.cpp" line="112" status="run" result="completed" time="0.017" timestamp="2026-08-24T00:00:00Z" classname="LockActuator.CommandLockTest" />
    <testcase name="CommandLock_RepeatedCommand" file="tests/actuator/lock_actuator_test.cpp" line="116" status="run" result="completed" time="0.195" timestamp="2026-08-24T00:00:00Z" classname="LockActuator.CommandLockTest" />
    <testcase name="CommandLock_ConcurrentRequest" file="tests/actuator/lock_actuator_test.cpp" line="120" status="run" result="completed" time="0.045" timestamp="2026-08-24T00:00:00Z" classname="LockActuator.CommandLockTest" />
    <testcase name="CommandLock_IgnitionOff" file="tests/actuator/lock_actuator_test.cpp" line="124" status="run" result="completed" time="0.077" timestamp="2026-08-24T00:00:00Z" classname="LockActuator.CommandLockTest" />
    <testcase name="CommandLock_IgnitionOn" file="tests/actuator/lock_actuator_test.cpp" line="128" status="run" result="completed" time="0.120" timestamp="2026-08-24T00:00:00Z" classname="LockActuator.CommandLockTest" />
    <testcase name="CommandLock_VehicleStopped" file="tests/actuator/lock_actuator_test.cpp" line="132" status="run" result="completed" time="0.064" timestamp="2026-08-24T00:00:00Z" classname="LockActuator.CommandLockTest" />
    <testcase name="CommandLock_VehicleMoving" file="tests/actuator/lock_actuator_test.cpp" line="136" status="run" result="completed" time="0.168" timestamp="2026-08-24T00:00:00Z" classname="LockActuator.CommandLockTest">
      <failure message="stale signal handling mismatch" type="AssertionFailure"><![CDATA[tests/actuator/lock_actuator_test.cpp:136
Failure
Expected stale signal to be rejected
  Actual stale signal was consumed
Synthetic Jenkins build: 01]]></failure>
    </testcase>
    <testcase name="CommandLock_DoorOpen" file="tests/actuator/lock_actuator_test.cpp" line="140" status="run" result="completed" time="0.029" timestamp="2026-08-24T00:00:00Z" classname="LockActuator.CommandLockTest">
      <failure message="request acceptance mismatch" type="AssertionFailure"><![CDATA[tests/actuator/lock_actuator_test.cpp:140
Failure
Expected request result: REJECTED
  Actual request result: ACCEPTED
Synthetic Jenkins build: 01]]></failure>
    </testcase>
    <testcase name="CommandLock_DoorClosed" file="tests/actuator/lock_actuator_test.cpp" line="144" status="run" result="completed" time="0.133" timestamp="2026-08-24T00:00:00Z" classname="LockActuator.CommandLockTest" />
    <testcase name="CommandLock_ActuatorBusy" file="tests/actuator/lock_actuator_test.cpp" line="148" status="run" result="completed" time="0.134" timestamp="2026-08-24T00:00:00Z" classname="LockActuator.CommandLockTest">
      <failure message="stale signal handling mismatch" type="AssertionFailure"><![CDATA[tests/actuator/lock_actuator_test.cpp:148
Failure
Expected stale signal to be rejected
  Actual stale signal was consumed
Synthetic Jenkins build: 01]]></failure>
    </testcase>
    <testcase name="CommandLock_RecoveryAfterFault" file="tests/actuator/lock_actuator_test.cpp" line="152" status="run" result="completed" time="0.092" timestamp="2026-08-24T00:00:00Z" classname="LockActuator.CommandLockTest" />
    <testcase name="CommandLock_PowerCycle" file="tests/actuator/lock_actuator_test.cpp" line="156" status="run" result="completed" time="0.225" timestamp="2026-08-24T00:00:00Z" classname="LockActuator.CommandLockTest" />
  </testsuite>
  <testsuite name="LockActuator.CommandUnlockTest" tests="20" failures="1" disabled="0" skipped="0" errors="0" time="2.933" timestamp="2026-08-24T00:00:00Z">
    <properties>
      <property name="jenkins_build_number" value="01" />
      <property name="module" value="LockActuator" />
      <property name="source_file" value="src/actuator/lock_actuator.cpp" />
      <property name="tested_function" value="CommandUnlock" />
      <property name="synthetic_data" value="true" />
      <property name="target_build_failure_rate_percent" value="8.0" />
    </properties>
    <testcase name="CommandUnlock_NominalInput" file="tests/actuator/lock_actuator_test.cpp" line="210" status="run" result="completed" time="0.191" timestamp="2026-08-24T00:00:00Z" classname="LockActuator.CommandUnlockTest" />
    <testcase name="CommandUnlock_LowerBoundary" file="tests/actuator/lock_actuator_test.cpp" line="214" status="run" result="completed" time="0.243" timestamp="2026-08-24T00:00:00Z" classname="LockActuator.CommandUnlockTest" />
    <testcase name="CommandUnlock_UpperBoundary" file="tests/actuator/lock_actuator_test.cpp" line="218" status="run" result="completed" time="0.020" timestamp="2026-08-24T00:00:00Z" classname="LockActuator.CommandUnlockTest" />
    <testcase name="CommandUnlock_BelowMinimum" file="tests/actuator/lock_actuator_test.cpp" line="222" status="run" result="completed" time="0.127" timestamp="2026-08-24T00:00:00Z" classname="LockActuator.CommandUnlockTest" />
    <testcase name="CommandUnlock_AboveMaximum" file="tests/actuator/lock_actuator_test.cpp" line="226" status="run" result="completed" time="0.016" timestamp="2026-08-24T00:00:00Z" classname="LockActuator.CommandUnlockTest" />
    <testcase name="CommandUnlock_MissingSignal" file="tests/actuator/lock_actuator_test.cpp" line="230" status="run" result="completed" time="0.196" timestamp="2026-08-24T00:00:00Z" classname="LockActuator.CommandUnlockTest" />
    <testcase name="CommandUnlock_SignalTimeout" file="tests/actuator/lock_actuator_test.cpp" line="234" status="run" result="completed" time="0.178" timestamp="2026-08-24T00:00:00Z" classname="LockActuator.CommandUnlockTest" />
    <testcase name="CommandUnlock_StaleSignal" file="tests/actuator/lock_actuator_test.cpp" line="238" status="run" result="completed" time="0.193" timestamp="2026-08-24T00:00:00Z" classname="LockActuator.CommandUnlockTest" />
    <testcase name="CommandUnlock_RapidToggle" file="tests/actuator/lock_actuator_test.cpp" line="242" status="run" result="completed" time="0.063" timestamp="2026-08-24T00:00:00Z" classname="LockActuator.CommandUnlockTest" />
    <testcase name="CommandUnlock_RepeatedCommand" file="tests/actuator/lock_actuator_test.cpp" line="246" status="run" result="completed" time="0.028" timestamp="2026-08-24T00:00:00Z" classname="LockActuator.CommandUnlockTest" />
    <testcase name="CommandUnlock_ConcurrentRequest" file="tests/actuator/lock_actuator_test.cpp" line="250" status="run" result="completed" time="0.219" timestamp="2026-08-24T00:00:00Z" classname="LockActuator.CommandUnlockTest" />
    <testcase name="CommandUnlock_IgnitionOff" file="tests/actuator/lock_actuator_test.cpp" line="254" status="run" result="completed" time="0.234" timestamp="2026-08-24T00:00:00Z" classname="LockActuator.CommandUnlockTest">
      <failure message="feedback timeout" type="AssertionFailure"><![CDATA[tests/actuator/lock_actuator_test.cpp:254
Failure
Expected feedback before timeout
  Actual feedback: not received
Synthetic Jenkins build: 01]]></failure>
    </testcase>
    <testcase name="CommandUnlock_IgnitionOn" file="tests/actuator/lock_actuator_test.cpp" line="258" status="run" result="completed" time="0.046" timestamp="2026-08-24T00:00:00Z" classname="LockActuator.CommandUnlockTest" />
    <testcase name="CommandUnlock_VehicleStopped" file="tests/actuator/lock_actuator_test.cpp" line="262" status="run" result="completed" time="0.247" timestamp="2026-08-24T00:00:00Z" classname="LockActuator.CommandUnlockTest" />
    <testcase name="CommandUnlock_VehicleMoving" file="tests/actuator/lock_actuator_test.cpp" line="266" status="run" result="completed" time="0.215" timestamp="2026-08-24T00:00:00Z" classname="LockActuator.CommandUnlockTest" />
    <testcase name="CommandUnlock_DoorOpen" file="tests/actuator/lock_actuator_test.cpp" line="270" status="run" result="completed" time="0.182" timestamp="2026-08-24T00:00:00Z" classname="LockActuator.CommandUnlockTest" />
    <testcase name="CommandUnlock_DoorClosed" file="tests/actuator/lock_actuator_test.cpp" line="274" status="run" result="completed" time="0.023" timestamp="2026-08-24T00:00:00Z" classname="LockActuator.CommandUnlockTest" />
    <testcase name="CommandUnlock_ActuatorBusy" file="tests/actuator/lock_actuator_test.cpp" line="278" status="run" result="completed" time="0.117" timestamp="2026-08-24T00:00:00Z" classname="LockActuator.CommandUnlockTest" />
    <testcase name="CommandUnlock_RecoveryAfterFault" file="tests/actuator/lock_actuator_test.cpp" line="282" status="run" result="completed" time="0.214" timestamp="2026-08-24T00:00:00Z" classname="LockActuator.CommandUnlockTest" />
    <testcase name="CommandUnlock_PowerCycle" file="tests/actuator/lock_actuator_test.cpp" line="286" status="run" result="completed" time="0.181" timestamp="2026-08-24T00:00:00Z" classname="LockActuator.CommandUnlockTest" />
  </testsuite>
  <testsuite name="LockActuator.VerifyFeedbackTest" tests="20" failures="1" disabled="0" skipped="0" errors="0" time="1.759" timestamp="2026-08-24T00:00:00Z">
    <properties>
      <property name="jenkins_build_number" value="01" />
      <property name="module" value="LockActuator" />
      <property name="source_file" value="src/actuator/lock_actuator.cpp" />
      <property name="tested_function" value="VerifyFeedback" />
      <property name="synthetic_data" value="true" />
      <property name="target_build_failure_rate_percent" value="8.0" />
    </properties>
    <testcase name="VerifyFeedback_NominalInput" file="tests/actuator/lock_actuator_test.cpp" line="340" status="run" result="completed" time="0.053" timestamp="2026-08-24T00:00:00Z" classname="LockActuator.VerifyFeedbackTest" />
    <testcase name="VerifyFeedback_LowerBoundary" file="tests/actuator/lock_actuator_test.cpp" line="344" status="run" result="completed" time="0.122" timestamp="2026-08-24T00:00:00Z" classname="LockActuator.VerifyFeedbackTest" />
    <testcase name="VerifyFeedback_UpperBoundary" file="tests/actuator/lock_actuator_test.cpp" line="348" status="run" result="completed" time="0.050" timestamp="2026-08-24T00:00:00Z" classname="LockActuator.VerifyFeedbackTest" />
    <testcase name="VerifyFeedback_BelowMinimum" file="tests/actuator/lock_actuator_test.cpp" line="352" status="run" result="completed" time="0.035" timestamp="2026-08-24T00:00:00Z" classname="LockActuator.VerifyFeedbackTest" />
    <testcase name="VerifyFeedback_AboveMaximum" file="tests/actuator/lock_actuator_test.cpp" line="356" status="run" result="completed" time="0.100" timestamp="2026-08-24T00:00:00Z" classname="LockActuator.VerifyFeedbackTest" />
    <testcase name="VerifyFeedback_MissingSignal" file="tests/actuator/lock_actuator_test.cpp" line="360" status="run" result="completed" time="0.048" timestamp="2026-08-24T00:00:00Z" classname="LockActuator.VerifyFeedbackTest" />
    <testcase name="VerifyFeedback_SignalTimeout" file="tests/actuator/lock_actuator_test.cpp" line="364" status="run" result="completed" time="0.233" timestamp="2026-08-24T00:00:00Z" classname="LockActuator.VerifyFeedbackTest" />
    <testcase name="VerifyFeedback_StaleSignal" file="tests/actuator/lock_actuator_test.cpp" line="368" status="run" result="completed" time="0.126" timestamp="2026-08-24T00:00:00Z" classname="LockActuator.VerifyFeedbackTest" />
    <testcase name="VerifyFeedback_RapidToggle" file="tests/actuator/lock_actuator_test.cpp" line="372" status="run" result="completed" time="0.105" timestamp="2026-08-24T00:00:00Z" classname="LockActuator.VerifyFeedbackTest" />
    <testcase name="VerifyFeedback_RepeatedCommand" file="tests/actuator/lock_actuator_test.cpp" line="376" status="run" result="completed" time="0.119" timestamp="2026-08-24T00:00:00Z" classname="LockActuator.VerifyFeedbackTest" />
    <testcase name="VerifyFeedback_ConcurrentRequest" file="tests/actuator/lock_actuator_test.cpp" line="380" status="run" result="completed" time="0.066" timestamp="2026-08-24T00:00:00Z" classname="LockActuator.VerifyFeedbackTest" />
    <testcase name="VerifyFeedback_IgnitionOff" file="tests/actuator/lock_actuator_test.cpp" line="384" status="run" result="completed" time="0.053" timestamp="2026-08-24T00:00:00Z" classname="LockActuator.VerifyFeedbackTest" />
    <testcase name="VerifyFeedback_IgnitionOn" file="tests/actuator/lock_actuator_test.cpp" line="388" status="run" result="completed" time="0.020" timestamp="2026-08-24T00:00:00Z" classname="LockActuator.VerifyFeedbackTest">
      <failure message="persistence mismatch" type="AssertionFailure"><![CDATA[tests/actuator/lock_actuator_test.cpp:388
Failure
Expected restored preference: LOCKED
  Actual restored preference: UNKNOWN
Synthetic Jenkins build: 01]]></failure>
    </testcase>
    <testcase name="VerifyFeedback_VehicleStopped" file="tests/actuator/lock_actuator_test.cpp" line="392" status="run" result="completed" time="0.230" timestamp="2026-08-24T00:00:00Z" classname="LockActuator.VerifyFeedbackTest" />
    <testcase name="VerifyFeedback_VehicleMoving" file="tests/actuator/lock_actuator_test.cpp" line="396" status="run" result="completed" time="0.129" timestamp="2026-08-24T00:00:00Z" classname="LockActuator.VerifyFeedbackTest" />
    <testcase name="VerifyFeedback_DoorOpen" file="tests/actuator/lock_actuator_test.cpp" line="400" status="run" result="completed" time="0.006" timestamp="2026-08-24T00:00:00Z" classname="LockActuator.VerifyFeedbackTest" />
    <testcase name="VerifyFeedback_DoorClosed" file="tests/actuator/lock_actuator_test.cpp" line="404" status="run" result="completed" time="0.041" timestamp="2026-08-24T00:00:00Z" classname="LockActuator.VerifyFeedbackTest" />
    <testcase name="VerifyFeedback_ActuatorBusy" file="tests/actuator/lock_actuator_test.cpp" line="408" status="run" result="completed" time="0.090" timestamp="2026-08-24T00:00:00Z" classname="LockActuator.VerifyFeedbackTest" />
    <testcase name="VerifyFeedback_RecoveryAfterFault" file="tests/actuator/lock_actuator_test.cpp" line="412" status="run" result="completed" time="0.009" timestamp="2026-08-24T00:00:00Z" classname="LockActuator.VerifyFeedbackTest" />
    <testcase name="VerifyFeedback_PowerCycle" file="tests/actuator/lock_actuator_test.cpp" line="416" status="run" result="completed" time="0.124" timestamp="2026-08-24T00:00:00Z" classname="LockActuator.VerifyFeedbackTest" />
  </testsuite>
  <testsuite name="LockActuator.RetryActuationTest" tests="20" failures="1" disabled="0" skipped="0" errors="0" time="2.882" timestamp="2026-08-24T00:00:00Z">
    <properties>
      <property name="jenkins_build_number" value="01" />
      <property name="module" value="LockActuator" />
      <property name="source_file" value="src/actuator/lock_actuator.cpp" />
      <property name="tested_function" value="RetryActuation" />
      <property name="synthetic_data" value="true" />
      <property name="target_build_failure_rate_percent" value="8.0" />
    </properties>
    <testcase name="RetryActuation_NominalInput" file="tests/actuator/lock_actuator_test.cpp" line="470" status="run" result="completed" time="0.031" timestamp="2026-08-24T00:00:00Z" classname="LockActuator.RetryActuationTest" />
    <testcase name="RetryActuation_LowerBoundary" file="tests/actuator/lock_actuator_test.cpp" line="474" status="run" result="completed" time="0.215" timestamp="2026-08-24T00:00:00Z" classname="LockActuator.RetryActuationTest" />
    <testcase name="RetryActuation_UpperBoundary" file="tests/actuator/lock_actuator_test.cpp" line="478" status="run" result="completed" time="0.149" timestamp="2026-08-24T00:00:00Z" classname="LockActuator.RetryActuationTest" />
    <testcase name="RetryActuation_BelowMinimum" file="tests/actuator/lock_actuator_test.cpp" line="482" status="run" result="completed" time="0.153" timestamp="2026-08-24T00:00:00Z" classname="LockActuator.RetryActuationTest" />
    <testcase name="RetryActuation_AboveMaximum" file="tests/actuator/lock_actuator_test.cpp" line="486" status="run" result="completed" time="0.212" timestamp="2026-08-24T00:00:00Z" classname="LockActuator.RetryActuationTest" />
    <testcase name="RetryActuation_MissingSignal" file="tests/actuator/lock_actuator_test.cpp" line="490" status="run" result="completed" time="0.140" timestamp="2026-08-24T00:00:00Z" classname="LockActuator.RetryActuationTest" />
    <testcase name="RetryActuation_SignalTimeout" file="tests/actuator/lock_actuator_test.cpp" line="494" status="run" result="completed" time="0.163" timestamp="2026-08-24T00:00:00Z" classname="LockActuator.RetryActuationTest" />
    <testcase name="RetryActuation_StaleSignal" file="tests/actuator/lock_actuator_test.cpp" line="498" status="run" result="completed" time="0.224" timestamp="2026-08-24T00:00:00Z" classname="LockActuator.RetryActuationTest" />
    <testcase name="RetryActuation_RapidToggle" file="tests/actuator/lock_actuator_test.cpp" line="502" status="run" result="completed" time="0.102" timestamp="2026-08-24T00:00:00Z" classname="LockActuator.RetryActuationTest" />
    <testcase name="RetryActuation_RepeatedCommand" file="tests/actuator/lock_actuator_test.cpp" line="506" status="run" result="completed" time="0.115" timestamp="2026-08-24T00:00:00Z" classname="LockActuator.RetryActuationTest" />
    <testcase name="RetryActuation_ConcurrentRequest" file="tests/actuator/lock_actuator_test.cpp" line="510" status="run" result="completed" time="0.148" timestamp="2026-08-24T00:00:00Z" classname="LockActuator.RetryActuationTest" />
    <testcase name="RetryActuation_IgnitionOff" file="tests/actuator/lock_actuator_test.cpp" line="514" status="run" result="completed" time="0.223" timestamp="2026-08-24T00:00:00Z" classname="LockActuator.RetryActuationTest" />
    <testcase name="RetryActuation_IgnitionOn" file="tests/actuator/lock_actuator_test.cpp" line="518" status="run" result="completed" time="0.080" timestamp="2026-08-24T00:00:00Z" classname="LockActuator.RetryActuationTest" />
    <testcase name="RetryActuation_VehicleStopped" file="tests/actuator/lock_actuator_test.cpp" line="522" status="run" result="completed" time="0.211" timestamp="2026-08-24T00:00:00Z" classname="LockActuator.RetryActuationTest" />
    <testcase name="RetryActuation_VehicleMoving" file="tests/actuator/lock_actuator_test.cpp" line="526" status="run" result="completed" time="0.125" timestamp="2026-08-24T00:00:00Z" classname="LockActuator.RetryActuationTest" />
    <testcase name="RetryActuation_DoorOpen" file="tests/actuator/lock_actuator_test.cpp" line="530" status="run" result="completed" time="0.089" timestamp="2026-08-24T00:00:00Z" classname="LockActuator.RetryActuationTest" />
    <testcase name="RetryActuation_DoorClosed" file="tests/actuator/lock_actuator_test.cpp" line="534" status="run" result="completed" time="0.226" timestamp="2026-08-24T00:00:00Z" classname="LockActuator.RetryActuationTest">
      <failure message="request acceptance mismatch" type="AssertionFailure"><![CDATA[tests/actuator/lock_actuator_test.cpp:534
Failure
Expected request result: REJECTED
  Actual request result: ACCEPTED
Synthetic Jenkins build: 01]]></failure>
    </testcase>
    <testcase name="RetryActuation_ActuatorBusy" file="tests/actuator/lock_actuator_test.cpp" line="538" status="run" result="completed" time="0.120" timestamp="2026-08-24T00:00:00Z" classname="LockActuator.RetryActuationTest" />
    <testcase name="RetryActuation_RecoveryAfterFault" file="tests/actuator/lock_actuator_test.cpp" line="542" status="run" result="completed" time="0.149" timestamp="2026-08-24T00:00:00Z" classname="LockActuator.RetryActuationTest" />
    <testcase name="RetryActuation_PowerCycle" file="tests/actuator/lock_actuator_test.cpp" line="546" status="run" result="completed" time="0.007" timestamp="2026-08-24T00:00:00Z" classname="LockActuator.RetryActuationTest" />
  </testsuite>
  <testsuite name="LockActuator.DetectJamTest" tests="20" failures="1" disabled="0" skipped="0" errors="0" time="2.279" timestamp="2026-08-24T00:00:00Z">
    <properties>
      <property name="jenkins_build_number" value="01" />
      <property name="module" value="LockActuator" />
      <property name="source_file" value="src/actuator/lock_actuator.cpp" />
      <property name="tested_function" value="DetectJam" />
      <property name="synthetic_data" value="true" />
      <property name="target_build_failure_rate_percent" value="8.0" />
    </properties>
    <testcase name="DetectJam_NominalInput" file="tests/actuator/lock_actuator_test.cpp" line="600" status="run" result="completed" time="0.137" timestamp="2026-08-24T00:00:00Z" classname="LockActuator.DetectJamTest" />
    <testcase name="DetectJam_LowerBoundary" file="tests/actuator/lock_actuator_test.cpp" line="604" status="run" result="completed" time="0.019" timestamp="2026-08-24T00:00:00Z" classname="LockActuator.DetectJamTest" />
    <testcase name="DetectJam_UpperBoundary" file="tests/actuator/lock_actuator_test.cpp" line="608" status="run" result="completed" time="0.205" timestamp="2026-08-24T00:00:00Z" classname="LockActuator.DetectJamTest">
      <failure message="state mismatch" type="AssertionFailure"><![CDATA[tests/actuator/lock_actuator_test.cpp:608
Failure
Expected child-lock state: LOCKED
  Actual child-lock state: UNLOCKED
Synthetic Jenkins build: 01]]></failure>
    </testcase>
    <testcase name="DetectJam_BelowMinimum" file="tests/actuator/lock_actuator_test.cpp" line="612" status="run" result="completed" time="0.031" timestamp="2026-08-24T00:00:00Z" classname="LockActuator.DetectJamTest" />
    <testcase name="DetectJam_AboveMaximum" file="tests/actuator/lock_actuator_test.cpp" line="616" status="run" result="completed" time="0.034" timestamp="2026-08-24T00:00:00Z" classname="LockActuator.DetectJamTest" />
    <testcase name="DetectJam_MissingSignal" file="tests/actuator/lock_actuator_test.cpp" line="620" status="run" result="completed" time="0.088" timestamp="2026-08-24T00:00:00Z" classname="LockActuator.DetectJamTest" />
    <testcase name="DetectJam_SignalTimeout" file="tests/actuator/lock_actuator_test.cpp" line="624" status="run" result="completed" time="0.182" timestamp="2026-08-24T00:00:00Z" classname="LockActuator.DetectJamTest" />
    <testcase name="DetectJam_StaleSignal" file="tests/actuator/lock_actuator_test.cpp" line="628" status="run" result="completed" time="0.146" timestamp="2026-08-24T00:00:00Z" classname="LockActuator.DetectJamTest" />
    <testcase name="DetectJam_RapidToggle" file="tests/actuator/lock_actuator_test.cpp" line="632" status="run" result="completed" time="0.069" timestamp="2026-08-24T00:00:00Z" classname="LockActuator.DetectJamTest" />
    <testcase name="DetectJam_RepeatedCommand" file="tests/actuator/lock_actuator_test.cpp" line="636" status="run" result="completed" time="0.116" timestamp="2026-08-24T00:00:00Z" classname="LockActuator.DetectJamTest" />
    <testcase name="DetectJam_ConcurrentRequest" file="tests/actuator/lock_actuator_test.cpp" line="640" status="run" result="completed" time="0.223" timestamp="2026-08-24T00:00:00Z" classname="LockActuator.DetectJamTest" />
    <testcase name="DetectJam_IgnitionOff" file="tests/actuator/lock_actuator_test.cpp" line="644" status="run" result="completed" time="0.085" timestamp="2026-08-24T00:00:00Z" classname="LockActuator.DetectJamTest" />
    <testcase name="DetectJam_IgnitionOn" file="tests/actuator/lock_actuator_test.cpp" line="648" status="run" result="completed" time="0.139" timestamp="2026-08-24T00:00:00Z" classname="LockActuator.DetectJamTest" />
    <testcase name="DetectJam_VehicleStopped" file="tests/actuator/lock_actuator_test.cpp" line="652" status="run" result="completed" time="0.013" timestamp="2026-08-24T00:00:00Z" classname="LockActuator.DetectJamTest" />
    <testcase name="DetectJam_VehicleMoving" file="tests/actuator/lock_actuator_test.cpp" line="656" status="run" result="completed" time="0.114" timestamp="2026-08-24T00:00:00Z" classname="LockActuator.DetectJamTest" />
    <testcase name="DetectJam_DoorOpen" file="tests/actuator/lock_actuator_test.cpp" line="660" status="run" result="completed" time="0.064" timestamp="2026-08-24T00:00:00Z" classname="LockActuator.DetectJamTest" />
    <testcase name="DetectJam_DoorClosed" file="tests/actuator/lock_actuator_test.cpp" line="664" status="run" result="completed" time="0.186" timestamp="2026-08-24T00:00:00Z" classname="LockActuator.DetectJamTest" />
    <testcase name="DetectJam_ActuatorBusy" file="tests/actuator/lock_actuator_test.cpp" line="668" status="run" result="completed" time="0.199" timestamp="2026-08-24T00:00:00Z" classname="LockActuator.DetectJamTest" />
    <testcase name="DetectJam_RecoveryAfterFault" file="tests/actuator/lock_actuator_test.cpp" line="672" status="run" result="completed" time="0.054" timestamp="2026-08-24T00:00:00Z" classname="LockActuator.DetectJamTest" />
    <testcase name="DetectJam_PowerCycle" file="tests/actuator/lock_actuator_test.cpp" line="676" status="run" result="completed" time="0.175" timestamp="2026-08-24T00:00:00Z" classname="LockActuator.DetectJamTest" />
  </testsuite>
  <testsuite name="LockActuator.StopActuatorTest" tests="20" failures="3" disabled="0" skipped="0" errors="0" time="2.501" timestamp="2026-08-24T00:00:00Z">
    <properties>
      <property name="jenkins_build_number" value="01" />
      <property name="module" value="LockActuator" />
      <property name="source_file" value="src/actuator/lock_actuator.cpp" />
      <property name="tested_function" value="StopActuator" />
      <property name="synthetic_data" value="true" />
      <property name="target_build_failure_rate_percent" value="8.0" />
    </properties>
    <testcase name="StopActuator_NominalInput" file="tests/actuator/lock_actuator_test.cpp" line="730" status="run" result="completed" time="0.099" timestamp="2026-08-24T00:00:00Z" classname="LockActuator.StopActuatorTest" />
    <testcase name="StopActuator_LowerBoundary" file="tests/actuator/lock_actuator_test.cpp" line="734" status="run" result="completed" time="0.175" timestamp="2026-08-24T00:00:00Z" classname="LockActuator.StopActuatorTest">
      <failure message="persistence mismatch" type="AssertionFailure"><![CDATA[tests/actuator/lock_actuator_test.cpp:734
Failure
Expected restored preference: LOCKED
  Actual restored preference: UNKNOWN
Synthetic Jenkins build: 01]]></failure>
    </testcase>
    <testcase name="StopActuator_UpperBoundary" file="tests/actuator/lock_actuator_test.cpp" line="738" status="run" result="completed" time="0.053" timestamp="2026-08-24T00:00:00Z" classname="LockActuator.StopActuatorTest" />
    <testcase name="StopActuator_BelowMinimum" file="tests/actuator/lock_actuator_test.cpp" line="742" status="run" result="completed" time="0.103" timestamp="2026-08-24T00:00:00Z" classname="LockActuator.StopActuatorTest" />
    <testcase name="StopActuator_AboveMaximum" file="tests/actuator/lock_actuator_test.cpp" line="746" status="run" result="completed" time="0.162" timestamp="2026-08-24T00:00:00Z" classname="LockActuator.StopActuatorTest" />
    <testcase name="StopActuator_MissingSignal" file="tests/actuator/lock_actuator_test.cpp" line="750" status="run" result="completed" time="0.128" timestamp="2026-08-24T00:00:00Z" classname="LockActuator.StopActuatorTest" />
    <testcase name="StopActuator_SignalTimeout" file="tests/actuator/lock_actuator_test.cpp" line="754" status="run" result="completed" time="0.074" timestamp="2026-08-24T00:00:00Z" classname="LockActuator.StopActuatorTest">
      <failure message="stale signal handling mismatch" type="AssertionFailure"><![CDATA[tests/actuator/lock_actuator_test.cpp:754
Failure
Expected stale signal to be rejected
  Actual stale signal was consumed
Synthetic Jenkins build: 01]]></failure>
    </testcase>
    <testcase name="StopActuator_StaleSignal" file="tests/actuator/lock_actuator_test.cpp" line="758" status="run" result="completed" time="0.123" timestamp="2026-08-24T00:00:00Z" classname="LockActuator.StopActuatorTest" />
    <testcase name="StopActuator_RapidToggle" file="tests/actuator/lock_actuator_test.cpp" line="762" status="run" result="completed" time="0.042" timestamp="2026-08-24T00:00:00Z" classname="LockActuator.StopActuatorTest" />
    <testcase name="StopActuator_RepeatedCommand" file="tests/actuator/lock_actuator_test.cpp" line="766" status="run" result="completed" time="0.157" timestamp="2026-08-24T00:00:00Z" classname="LockActuator.StopActuatorTest" />
    <testcase name="StopActuator_ConcurrentRequest" file="tests/actuator/lock_actuator_test.cpp" line="770" status="run" result="completed" time="0.133" timestamp="2026-08-24T00:00:00Z" classname="LockActuator.StopActuatorTest" />
    <testcase name="StopActuator_IgnitionOff" file="tests/actuator/lock_actuator_test.cpp" line="774" status="run" result="completed" time="0.058" timestamp="2026-08-24T00:00:00Z" classname="LockActuator.StopActuatorTest" />
    <testcase name="StopActuator_IgnitionOn" file="tests/actuator/lock_actuator_test.cpp" line="778" status="run" result="completed" time="0.121" timestamp="2026-08-24T00:00:00Z" classname="LockActuator.StopActuatorTest" />
    <testcase name="StopActuator_VehicleStopped" file="tests/actuator/lock_actuator_test.cpp" line="782" status="run" result="completed" time="0.239" timestamp="2026-08-24T00:00:00Z" classname="LockActuator.StopActuatorTest" />
    <testcase name="StopActuator_VehicleMoving" file="tests/actuator/lock_actuator_test.cpp" line="786" status="run" result="completed" time="0.248" timestamp="2026-08-24T00:00:00Z" classname="LockActuator.StopActuatorTest" />
    <testcase name="StopActuator_DoorOpen" file="tests/actuator/lock_actuator_test.cpp" line="790" status="run" result="completed" time="0.035" timestamp="2026-08-24T00:00:00Z" classname="LockActuator.StopActuatorTest" />
    <testcase name="StopActuator_DoorClosed" file="tests/actuator/lock_actuator_test.cpp" line="794" status="run" result="completed" time="0.190" timestamp="2026-08-24T00:00:00Z" classname="LockActuator.StopActuatorTest" />
    <testcase name="StopActuator_ActuatorBusy" file="tests/actuator/lock_actuator_test.cpp" line="798" status="run" result="completed" time="0.136" timestamp="2026-08-24T00:00:00Z" classname="LockActuator.StopActuatorTest" />
    <testcase name="StopActuator_RecoveryAfterFault" file="tests/actuator/lock_actuator_test.cpp" line="802" status="run" result="completed" time="0.166" timestamp="2026-08-24T00:00:00Z" classname="LockActuator.StopActuatorTest">
      <failure message="persistence mismatch" type="AssertionFailure"><![CDATA[tests/actuator/lock_actuator_test.cpp:802
Failure
Expected restored preference: LOCKED
  Actual restored preference: UNKNOWN
Synthetic Jenkins build: 01]]></failure>
    </testcase>
    <testcase name="StopActuator_PowerCycle" file="tests/actuator/lock_actuator_test.cpp" line="806" status="run" result="completed" time="0.059" timestamp="2026-08-24T00:00:00Z" classname="LockActuator.StopActuatorTest" />
  </testsuite>
</testsuites>
