<?xml version="1.0" encoding="UTF-8"?>
<testsuites tests="120" failures="12" disabled="0" errors="0" time="16.289" timestamp="2026-08-31T00:00:00Z" name="AllTests" random_seed="8140">
  <testsuite name="SwitchInput.ReadChildLockSwitchTest" tests="20" failures="5" disabled="0" skipped="0" errors="0" time="2.994" timestamp="2026-08-31T00:00:00Z">
    <properties>
      <property name="jenkins_build_number" value="08" />
      <property name="module" value="SwitchInput" />
      <property name="source_file" value="src/input/switch_input.cpp" />
      <property name="tested_function" value="ReadChildLockSwitch" />
      <property name="synthetic_data" value="true" />
      <property name="target_build_failure_rate_percent" value="10.0" />
    </properties>
    <testcase name="ReadChildLockSwitch_NominalInput" file="tests/input/switch_input_test.cpp" line="80" status="run" result="completed" time="0.243" timestamp="2026-08-31T00:00:00Z" classname="SwitchInput.ReadChildLockSwitchTest" />
    <testcase name="ReadChildLockSwitch_LowerBoundary" file="tests/input/switch_input_test.cpp" line="84" status="run" result="completed" time="0.177" timestamp="2026-08-31T00:00:00Z" classname="SwitchInput.ReadChildLockSwitchTest" />
    <testcase name="ReadChildLockSwitch_UpperBoundary" file="tests/input/switch_input_test.cpp" line="88" status="run" result="completed" time="0.194" timestamp="2026-08-31T00:00:00Z" classname="SwitchInput.ReadChildLockSwitchTest" />
    <testcase name="ReadChildLockSwitch_BelowMinimum" file="tests/input/switch_input_test.cpp" line="92" status="run" result="completed" time="0.223" timestamp="2026-08-31T00:00:00Z" classname="SwitchInput.ReadChildLockSwitchTest" />
    <testcase name="ReadChildLockSwitch_AboveMaximum" file="tests/input/switch_input_test.cpp" line="96" status="run" result="completed" time="0.032" timestamp="2026-08-31T00:00:00Z" classname="SwitchInput.ReadChildLockSwitchTest" />
    <testcase name="ReadChildLockSwitch_MissingSignal" file="tests/input/switch_input_test.cpp" line="100" status="run" result="completed" time="0.009" timestamp="2026-08-31T00:00:00Z" classname="SwitchInput.ReadChildLockSwitchTest" />
    <testcase name="ReadChildLockSwitch_SignalTimeout" file="tests/input/switch_input_test.cpp" line="104" status="run" result="completed" time="0.163" timestamp="2026-08-31T00:00:00Z" classname="SwitchInput.ReadChildLockSwitchTest" />
    <testcase name="ReadChildLockSwitch_StaleSignal" file="tests/input/switch_input_test.cpp" line="108" status="run" result="completed" time="0.119" timestamp="2026-08-31T00:00:00Z" classname="SwitchInput.ReadChildLockSwitchTest" />
    <testcase name="ReadChildLockSwitch_RapidToggle" file="tests/input/switch_input_test.cpp" line="112" status="run" result="completed" time="0.161" timestamp="2026-08-31T00:00:00Z" classname="SwitchInput.ReadChildLockSwitchTest" />
    <testcase name="ReadChildLockSwitch_RepeatedCommand" file="tests/input/switch_input_test.cpp" line="116" status="run" result="completed" time="0.160" timestamp="2026-08-31T00:00:00Z" classname="SwitchInput.ReadChildLockSwitchTest" />
    <testcase name="ReadChildLockSwitch_ConcurrentRequest" file="tests/input/switch_input_test.cpp" line="120" status="run" result="completed" time="0.222" timestamp="2026-08-31T00:00:00Z" classname="SwitchInput.ReadChildLockSwitchTest">
      <failure message="stale signal handling mismatch" type="AssertionFailure"><![CDATA[tests/input/switch_input_test.cpp:120
Failure
Expected stale signal to be rejected
  Actual stale signal was consumed
Synthetic Jenkins build: 08]]></failure>
    </testcase>
    <testcase name="ReadChildLockSwitch_IgnitionOff" file="tests/input/switch_input_test.cpp" line="124" status="run" result="completed" time="0.083" timestamp="2026-08-31T00:00:00Z" classname="SwitchInput.ReadChildLockSwitchTest" />
    <testcase name="ReadChildLockSwitch_IgnitionOn" file="tests/input/switch_input_test.cpp" line="128" status="run" result="completed" time="0.187" timestamp="2026-08-31T00:00:00Z" classname="SwitchInput.ReadChildLockSwitchTest" />
    <testcase name="ReadChildLockSwitch_VehicleStopped" file="tests/input/switch_input_test.cpp" line="132" status="run" result="completed" time="0.028" timestamp="2026-08-31T00:00:00Z" classname="SwitchInput.ReadChildLockSwitchTest">
      <failure message="diagnostic event mismatch" type="AssertionFailure"><![CDATA[tests/input/switch_input_test.cpp:132
Failure
Expected diagnostic event: ACTIVE
  Actual diagnostic event: INACTIVE
Synthetic Jenkins build: 08]]></failure>
    </testcase>
    <testcase name="ReadChildLockSwitch_VehicleMoving" file="tests/input/switch_input_test.cpp" line="136" status="run" result="completed" time="0.099" timestamp="2026-08-31T00:00:00Z" classname="SwitchInput.ReadChildLockSwitchTest" />
    <testcase name="ReadChildLockSwitch_DoorOpen" file="tests/input/switch_input_test.cpp" line="140" status="run" result="completed" time="0.131" timestamp="2026-08-31T00:00:00Z" classname="SwitchInput.ReadChildLockSwitchTest" />
    <testcase name="ReadChildLockSwitch_DoorClosed" file="tests/input/switch_input_test.cpp" line="144" status="run" result="completed" time="0.174" timestamp="2026-08-31T00:00:00Z" classname="SwitchInput.ReadChildLockSwitchTest">
      <failure message="request acceptance mismatch" type="AssertionFailure"><![CDATA[tests/input/switch_input_test.cpp:144
Failure
Expected request result: REJECTED
  Actual request result: ACCEPTED
Synthetic Jenkins build: 08]]></failure>
    </testcase>
    <testcase name="ReadChildLockSwitch_ActuatorBusy" file="tests/input/switch_input_test.cpp" line="148" status="run" result="completed" time="0.118" timestamp="2026-08-31T00:00:00Z" classname="SwitchInput.ReadChildLockSwitchTest">
      <failure message="persistence mismatch" type="AssertionFailure"><![CDATA[tests/input/switch_input_test.cpp:148
Failure
Expected restored preference: LOCKED
  Actual restored preference: UNKNOWN
Synthetic Jenkins build: 08]]></failure>
    </testcase>
    <testcase name="ReadChildLockSwitch_RecoveryAfterFault" file="tests/input/switch_input_test.cpp" line="152" status="run" result="completed" time="0.250" timestamp="2026-08-31T00:00:00Z" classname="SwitchInput.ReadChildLockSwitchTest">
      <failure message="diagnostic event mismatch" type="AssertionFailure"><![CDATA[tests/input/switch_input_test.cpp:152
Failure
Expected diagnostic event: ACTIVE
  Actual diagnostic event: INACTIVE
Synthetic Jenkins build: 08]]></failure>
    </testcase>
    <testcase name="ReadChildLockSwitch_PowerCycle" file="tests/input/switch_input_test.cpp" line="156" status="run" result="completed" time="0.221" timestamp="2026-08-31T00:00:00Z" classname="SwitchInput.ReadChildLockSwitchTest" />
  </testsuite>
  <testsuite name="SwitchInput.DebounceSwitchTest" tests="20" failures="1" disabled="0" skipped="0" errors="0" time="2.775" timestamp="2026-08-31T00:00:00Z">
    <properties>
      <property name="jenkins_build_number" value="08" />
      <property name="module" value="SwitchInput" />
      <property name="source_file" value="src/input/switch_input.cpp" />
      <property name="tested_function" value="DebounceSwitch" />
      <property name="synthetic_data" value="true" />
      <property name="target_build_failure_rate_percent" value="10.0" />
    </properties>
    <testcase name="DebounceSwitch_NominalInput" file="tests/input/switch_input_test.cpp" line="210" status="run" result="completed" time="0.158" timestamp="2026-08-31T00:00:00Z" classname="SwitchInput.DebounceSwitchTest" />
    <testcase name="DebounceSwitch_LowerBoundary" file="tests/input/switch_input_test.cpp" line="214" status="run" result="completed" time="0.138" timestamp="2026-08-31T00:00:00Z" classname="SwitchInput.DebounceSwitchTest" />
    <testcase name="DebounceSwitch_UpperBoundary" file="tests/input/switch_input_test.cpp" line="218" status="run" result="completed" time="0.066" timestamp="2026-08-31T00:00:00Z" classname="SwitchInput.DebounceSwitchTest" />
    <testcase name="DebounceSwitch_BelowMinimum" file="tests/input/switch_input_test.cpp" line="222" status="run" result="completed" time="0.051" timestamp="2026-08-31T00:00:00Z" classname="SwitchInput.DebounceSwitchTest" />
    <testcase name="DebounceSwitch_AboveMaximum" file="tests/input/switch_input_test.cpp" line="226" status="run" result="completed" time="0.205" timestamp="2026-08-31T00:00:00Z" classname="SwitchInput.DebounceSwitchTest" />
    <testcase name="DebounceSwitch_MissingSignal" file="tests/input/switch_input_test.cpp" line="230" status="run" result="completed" time="0.064" timestamp="2026-08-31T00:00:00Z" classname="SwitchInput.DebounceSwitchTest" />
    <testcase name="DebounceSwitch_SignalTimeout" file="tests/input/switch_input_test.cpp" line="234" status="run" result="completed" time="0.249" timestamp="2026-08-31T00:00:00Z" classname="SwitchInput.DebounceSwitchTest" />
    <testcase name="DebounceSwitch_StaleSignal" file="tests/input/switch_input_test.cpp" line="238" status="run" result="completed" time="0.142" timestamp="2026-08-31T00:00:00Z" classname="SwitchInput.DebounceSwitchTest" />
    <testcase name="DebounceSwitch_RapidToggle" file="tests/input/switch_input_test.cpp" line="242" status="run" result="completed" time="0.121" timestamp="2026-08-31T00:00:00Z" classname="SwitchInput.DebounceSwitchTest">
      <failure message="stale signal handling mismatch" type="AssertionFailure"><![CDATA[tests/input/switch_input_test.cpp:242
Failure
Expected stale signal to be rejected
  Actual stale signal was consumed
Synthetic Jenkins build: 08]]></failure>
    </testcase>
    <testcase name="DebounceSwitch_RepeatedCommand" file="tests/input/switch_input_test.cpp" line="246" status="run" result="completed" time="0.224" timestamp="2026-08-31T00:00:00Z" classname="SwitchInput.DebounceSwitchTest" />
    <testcase name="DebounceSwitch_ConcurrentRequest" file="tests/input/switch_input_test.cpp" line="250" status="run" result="completed" time="0.052" timestamp="2026-08-31T00:00:00Z" classname="SwitchInput.DebounceSwitchTest" />
    <testcase name="DebounceSwitch_IgnitionOff" file="tests/input/switch_input_test.cpp" line="254" status="run" result="completed" time="0.039" timestamp="2026-08-31T00:00:00Z" classname="SwitchInput.DebounceSwitchTest" />
    <testcase name="DebounceSwitch_IgnitionOn" file="tests/input/switch_input_test.cpp" line="258" status="run" result="completed" time="0.166" timestamp="2026-08-31T00:00:00Z" classname="SwitchInput.DebounceSwitchTest" />
    <testcase name="DebounceSwitch_VehicleStopped" file="tests/input/switch_input_test.cpp" line="262" status="run" result="completed" time="0.216" timestamp="2026-08-31T00:00:00Z" classname="SwitchInput.DebounceSwitchTest" />
    <testcase name="DebounceSwitch_VehicleMoving" file="tests/input/switch_input_test.cpp" line="266" status="run" result="completed" time="0.115" timestamp="2026-08-31T00:00:00Z" classname="SwitchInput.DebounceSwitchTest" />
    <testcase name="DebounceSwitch_DoorOpen" file="tests/input/switch_input_test.cpp" line="270" status="run" result="completed" time="0.241" timestamp="2026-08-31T00:00:00Z" classname="SwitchInput.DebounceSwitchTest" />
    <testcase name="DebounceSwitch_DoorClosed" file="tests/input/switch_input_test.cpp" line="274" status="run" result="completed" time="0.187" timestamp="2026-08-31T00:00:00Z" classname="SwitchInput.DebounceSwitchTest" />
    <testcase name="DebounceSwitch_ActuatorBusy" file="tests/input/switch_input_test.cpp" line="278" status="run" result="completed" time="0.076" timestamp="2026-08-31T00:00:00Z" classname="SwitchInput.DebounceSwitchTest" />
    <testcase name="DebounceSwitch_RecoveryAfterFault" file="tests/input/switch_input_test.cpp" line="282" status="run" result="completed" time="0.244" timestamp="2026-08-31T00:00:00Z" classname="SwitchInput.DebounceSwitchTest" />
    <testcase name="DebounceSwitch_PowerCycle" file="tests/input/switch_input_test.cpp" line="286" status="run" result="completed" time="0.021" timestamp="2026-08-31T00:00:00Z" classname="SwitchInput.DebounceSwitchTest" />
  </testsuite>
  <testsuite name="SwitchInput.DetectLongPressTest" tests="20" failures="1" disabled="0" skipped="0" errors="0" time="2.529" timestamp="2026-08-31T00:00:00Z">
    <properties>
      <property name="jenkins_build_number" value="08" />
      <property name="module" value="SwitchInput" />
      <property name="source_file" value="src/input/switch_input.cpp" />
      <property name="tested_function" value="DetectLongPress" />
      <property name="synthetic_data" value="true" />
      <property name="target_build_failure_rate_percent" value="10.0" />
    </properties>
    <testcase name="DetectLongPress_NominalInput" file="tests/input/switch_input_test.cpp" line="340" status="run" result="completed" time="0.098" timestamp="2026-08-31T00:00:00Z" classname="SwitchInput.DetectLongPressTest" />
    <testcase name="DetectLongPress_LowerBoundary" file="tests/input/switch_input_test.cpp" line="344" status="run" result="completed" time="0.094" timestamp="2026-08-31T00:00:00Z" classname="SwitchInput.DetectLongPressTest" />
    <testcase name="DetectLongPress_UpperBoundary" file="tests/input/switch_input_test.cpp" line="348" status="run" result="completed" time="0.160" timestamp="2026-08-31T00:00:00Z" classname="SwitchInput.DetectLongPressTest" />
    <testcase name="DetectLongPress_BelowMinimum" file="tests/input/switch_input_test.cpp" line="352" status="run" result="completed" time="0.225" timestamp="2026-08-31T00:00:00Z" classname="SwitchInput.DetectLongPressTest" />
    <testcase name="DetectLongPress_AboveMaximum" file="tests/input/switch_input_test.cpp" line="356" status="run" result="completed" time="0.169" timestamp="2026-08-31T00:00:00Z" classname="SwitchInput.DetectLongPressTest" />
    <testcase name="DetectLongPress_MissingSignal" file="tests/input/switch_input_test.cpp" line="360" status="run" result="completed" time="0.108" timestamp="2026-08-31T00:00:00Z" classname="SwitchInput.DetectLongPressTest" />
    <testcase name="DetectLongPress_SignalTimeout" file="tests/input/switch_input_test.cpp" line="364" status="run" result="completed" time="0.085" timestamp="2026-08-31T00:00:00Z" classname="SwitchInput.DetectLongPressTest" />
    <testcase name="DetectLongPress_StaleSignal" file="tests/input/switch_input_test.cpp" line="368" status="run" result="completed" time="0.068" timestamp="2026-08-31T00:00:00Z" classname="SwitchInput.DetectLongPressTest" />
    <testcase name="DetectLongPress_RapidToggle" file="tests/input/switch_input_test.cpp" line="372" status="run" result="completed" time="0.022" timestamp="2026-08-31T00:00:00Z" classname="SwitchInput.DetectLongPressTest" />
    <testcase name="DetectLongPress_RepeatedCommand" file="tests/input/switch_input_test.cpp" line="376" status="run" result="completed" time="0.097" timestamp="2026-08-31T00:00:00Z" classname="SwitchInput.DetectLongPressTest">
      <failure message="persistence mismatch" type="AssertionFailure"><![CDATA[tests/input/switch_input_test.cpp:376
Failure
Expected restored preference: LOCKED
  Actual restored preference: UNKNOWN
Synthetic Jenkins build: 08]]></failure>
    </testcase>
    <testcase name="DetectLongPress_ConcurrentRequest" file="tests/input/switch_input_test.cpp" line="380" status="run" result="completed" time="0.193" timestamp="2026-08-31T00:00:00Z" classname="SwitchInput.DetectLongPressTest" />
    <testcase name="DetectLongPress_IgnitionOff" file="tests/input/switch_input_test.cpp" line="384" status="run" result="completed" time="0.162" timestamp="2026-08-31T00:00:00Z" classname="SwitchInput.DetectLongPressTest" />
    <testcase name="DetectLongPress_IgnitionOn" file="tests/input/switch_input_test.cpp" line="388" status="run" result="completed" time="0.013" timestamp="2026-08-31T00:00:00Z" classname="SwitchInput.DetectLongPressTest" />
    <testcase name="DetectLongPress_VehicleStopped" file="tests/input/switch_input_test.cpp" line="392" status="run" result="completed" time="0.188" timestamp="2026-08-31T00:00:00Z" classname="SwitchInput.DetectLongPressTest" />
    <testcase name="DetectLongPress_VehicleMoving" file="tests/input/switch_input_test.cpp" line="396" status="run" result="completed" time="0.188" timestamp="2026-08-31T00:00:00Z" classname="SwitchInput.DetectLongPressTest" />
    <testcase name="DetectLongPress_DoorOpen" file="tests/input/switch_input_test.cpp" line="400" status="run" result="completed" time="0.003" timestamp="2026-08-31T00:00:00Z" classname="SwitchInput.DetectLongPressTest" />
    <testcase name="DetectLongPress_DoorClosed" file="tests/input/switch_input_test.cpp" line="404" status="run" result="completed" time="0.165" timestamp="2026-08-31T00:00:00Z" classname="SwitchInput.DetectLongPressTest" />
    <testcase name="DetectLongPress_ActuatorBusy" file="tests/input/switch_input_test.cpp" line="408" status="run" result="completed" time="0.234" timestamp="2026-08-31T00:00:00Z" classname="SwitchInput.DetectLongPressTest" />
    <testcase name="DetectLongPress_RecoveryAfterFault" file="tests/input/switch_input_test.cpp" line="412" status="run" result="completed" time="0.138" timestamp="2026-08-31T00:00:00Z" classname="SwitchInput.DetectLongPressTest" />
    <testcase name="DetectLongPress_PowerCycle" file="tests/input/switch_input_test.cpp" line="416" status="run" result="completed" time="0.119" timestamp="2026-08-31T00:00:00Z" classname="SwitchInput.DetectLongPressTest" />
  </testsuite>
  <testsuite name="SwitchInput.IgnoreBounceTest" tests="20" failures="1" disabled="0" skipped="0" errors="0" time="2.627" timestamp="2026-08-31T00:00:00Z">
    <properties>
      <property name="jenkins_build_number" value="08" />
      <property name="module" value="SwitchInput" />
      <property name="source_file" value="src/input/switch_input.cpp" />
      <property name="tested_function" value="IgnoreBounce" />
      <property name="synthetic_data" value="true" />
      <property name="target_build_failure_rate_percent" value="10.0" />
    </properties>
    <testcase name="IgnoreBounce_NominalInput" file="tests/input/switch_input_test.cpp" line="470" status="run" result="completed" time="0.015" timestamp="2026-08-31T00:00:00Z" classname="SwitchInput.IgnoreBounceTest" />
    <testcase name="IgnoreBounce_LowerBoundary" file="tests/input/switch_input_test.cpp" line="474" status="run" result="completed" time="0.221" timestamp="2026-08-31T00:00:00Z" classname="SwitchInput.IgnoreBounceTest">
      <failure message="persistence mismatch" type="AssertionFailure"><![CDATA[tests/input/switch_input_test.cpp:474
Failure
Expected restored preference: LOCKED
  Actual restored preference: UNKNOWN
Synthetic Jenkins build: 08]]></failure>
    </testcase>
    <testcase name="IgnoreBounce_UpperBoundary" file="tests/input/switch_input_test.cpp" line="478" status="run" result="completed" time="0.180" timestamp="2026-08-31T00:00:00Z" classname="SwitchInput.IgnoreBounceTest" />
    <testcase name="IgnoreBounce_BelowMinimum" file="tests/input/switch_input_test.cpp" line="482" status="run" result="completed" time="0.213" timestamp="2026-08-31T00:00:00Z" classname="SwitchInput.IgnoreBounceTest" />
    <testcase name="IgnoreBounce_AboveMaximum" file="tests/input/switch_input_test.cpp" line="486" status="run" result="completed" time="0.008" timestamp="2026-08-31T00:00:00Z" classname="SwitchInput.IgnoreBounceTest" />
    <testcase name="IgnoreBounce_MissingSignal" file="tests/input/switch_input_test.cpp" line="490" status="run" result="completed" time="0.061" timestamp="2026-08-31T00:00:00Z" classname="SwitchInput.IgnoreBounceTest" />
    <testcase name="IgnoreBounce_SignalTimeout" file="tests/input/switch_input_test.cpp" line="494" status="run" result="completed" time="0.196" timestamp="2026-08-31T00:00:00Z" classname="SwitchInput.IgnoreBounceTest" />
    <testcase name="IgnoreBounce_StaleSignal" file="tests/input/switch_input_test.cpp" line="498" status="run" result="completed" time="0.201" timestamp="2026-08-31T00:00:00Z" classname="SwitchInput.IgnoreBounceTest" />
    <testcase name="IgnoreBounce_RapidToggle" file="tests/input/switch_input_test.cpp" line="502" status="run" result="completed" time="0.246" timestamp="2026-08-31T00:00:00Z" classname="SwitchInput.IgnoreBounceTest" />
    <testcase name="IgnoreBounce_RepeatedCommand" file="tests/input/switch_input_test.cpp" line="506" status="run" result="completed" time="0.045" timestamp="2026-08-31T00:00:00Z" classname="SwitchInput.IgnoreBounceTest" />
    <testcase name="IgnoreBounce_ConcurrentRequest" file="tests/input/switch_input_test.cpp" line="510" status="run" result="completed" time="0.048" timestamp="2026-08-31T00:00:00Z" classname="SwitchInput.IgnoreBounceTest" />
    <testcase name="IgnoreBounce_IgnitionOff" file="tests/input/switch_input_test.cpp" line="514" status="run" result="completed" time="0.103" timestamp="2026-08-31T00:00:00Z" classname="SwitchInput.IgnoreBounceTest" />
    <testcase name="IgnoreBounce_IgnitionOn" file="tests/input/switch_input_test.cpp" line="518" status="run" result="completed" time="0.022" timestamp="2026-08-31T00:00:00Z" classname="SwitchInput.IgnoreBounceTest" />
    <testcase name="IgnoreBounce_VehicleStopped" file="tests/input/switch_input_test.cpp" line="522" status="run" result="completed" time="0.238" timestamp="2026-08-31T00:00:00Z" classname="SwitchInput.IgnoreBounceTest" />
    <testcase name="IgnoreBounce_VehicleMoving" file="tests/input/switch_input_test.cpp" line="526" status="run" result="completed" time="0.229" timestamp="2026-08-31T00:00:00Z" classname="SwitchInput.IgnoreBounceTest" />
    <testcase name="IgnoreBounce_DoorOpen" file="tests/input/switch_input_test.cpp" line="530" status="run" result="completed" time="0.185" timestamp="2026-08-31T00:00:00Z" classname="SwitchInput.IgnoreBounceTest" />
    <testcase name="IgnoreBounce_DoorClosed" file="tests/input/switch_input_test.cpp" line="534" status="run" result="completed" time="0.207" timestamp="2026-08-31T00:00:00Z" classname="SwitchInput.IgnoreBounceTest" />
    <testcase name="IgnoreBounce_ActuatorBusy" file="tests/input/switch_input_test.cpp" line="538" status="run" result="completed" time="0.047" timestamp="2026-08-31T00:00:00Z" classname="SwitchInput.IgnoreBounceTest" />
    <testcase name="IgnoreBounce_RecoveryAfterFault" file="tests/input/switch_input_test.cpp" line="542" status="run" result="completed" time="0.104" timestamp="2026-08-31T00:00:00Z" classname="SwitchInput.IgnoreBounceTest" />
    <testcase name="IgnoreBounce_PowerCycle" file="tests/input/switch_input_test.cpp" line="546" status="run" result="completed" time="0.058" timestamp="2026-08-31T00:00:00Z" classname="SwitchInput.IgnoreBounceTest" />
  </testsuite>
  <testsuite name="SwitchInput.MapSwitchPositionTest" tests="20" failures="3" disabled="0" skipped="0" errors="0" time="3.054" timestamp="2026-08-31T00:00:00Z">
    <properties>
      <property name="jenkins_build_number" value="08" />
      <property name="module" value="SwitchInput" />
      <property name="source_file" value="src/input/switch_input.cpp" />
      <property name="tested_function" value="MapSwitchPosition" />
      <property name="synthetic_data" value="true" />
      <property name="target_build_failure_rate_percent" value="10.0" />
    </properties>
    <testcase name="MapSwitchPosition_NominalInput" file="tests/input/switch_input_test.cpp" line="600" status="run" result="completed" time="0.203" timestamp="2026-08-31T00:00:00Z" classname="SwitchInput.MapSwitchPositionTest">
      <failure message="request acceptance mismatch" type="AssertionFailure"><![CDATA[tests/input/switch_input_test.cpp:600
Failure
Expected request result: REJECTED
  Actual request result: ACCEPTED
Synthetic Jenkins build: 08]]></failure>
    </testcase>
    <testcase name="MapSwitchPosition_LowerBoundary" file="tests/input/switch_input_test.cpp" line="604" status="run" result="completed" time="0.153" timestamp="2026-08-31T00:00:00Z" classname="SwitchInput.MapSwitchPositionTest" />
    <testcase name="MapSwitchPosition_UpperBoundary" file="tests/input/switch_input_test.cpp" line="608" status="run" result="completed" time="0.026" timestamp="2026-08-31T00:00:00Z" classname="SwitchInput.MapSwitchPositionTest" />
    <testcase name="MapSwitchPosition_BelowMinimum" file="tests/input/switch_input_test.cpp" line="612" status="run" result="completed" time="0.199" timestamp="2026-08-31T00:00:00Z" classname="SwitchInput.MapSwitchPositionTest" />
    <testcase name="MapSwitchPosition_AboveMaximum" file="tests/input/switch_input_test.cpp" line="616" status="run" result="completed" time="0.223" timestamp="2026-08-31T00:00:00Z" classname="SwitchInput.MapSwitchPositionTest" />
    <testcase name="MapSwitchPosition_MissingSignal" file="tests/input/switch_input_test.cpp" line="620" status="run" result="completed" time="0.174" timestamp="2026-08-31T00:00:00Z" classname="SwitchInput.MapSwitchPositionTest" />
    <testcase name="MapSwitchPosition_SignalTimeout" file="tests/input/switch_input_test.cpp" line="624" status="run" result="completed" time="0.228" timestamp="2026-08-31T00:00:00Z" classname="SwitchInput.MapSwitchPositionTest" />
    <testcase name="MapSwitchPosition_StaleSignal" file="tests/input/switch_input_test.cpp" line="628" status="run" result="completed" time="0.102" timestamp="2026-08-31T00:00:00Z" classname="SwitchInput.MapSwitchPositionTest" />
    <testcase name="MapSwitchPosition_RapidToggle" file="tests/input/switch_input_test.cpp" line="632" status="run" result="completed" time="0.076" timestamp="2026-08-31T00:00:00Z" classname="SwitchInput.MapSwitchPositionTest" />
    <testcase name="MapSwitchPosition_RepeatedCommand" file="tests/input/switch_input_test.cpp" line="636" status="run" result="completed" time="0.127" timestamp="2026-08-31T00:00:00Z" classname="SwitchInput.MapSwitchPositionTest">
      <failure message="feedback timeout" type="AssertionFailure"><![CDATA[tests/input/switch_input_test.cpp:636
Failure
Expected feedback before timeout
  Actual feedback: not received
Synthetic Jenkins build: 08]]></failure>
    </testcase>
    <testcase name="MapSwitchPosition_ConcurrentRequest" file="tests/input/switch_input_test.cpp" line="640" status="run" result="completed" time="0.225" timestamp="2026-08-31T00:00:00Z" classname="SwitchInput.MapSwitchPositionTest" />
    <testcase name="MapSwitchPosition_IgnitionOff" file="tests/input/switch_input_test.cpp" line="644" status="run" result="completed" time="0.091" timestamp="2026-08-31T00:00:00Z" classname="SwitchInput.MapSwitchPositionTest">
      <failure message="retry count mismatch" type="AssertionFailure"><![CDATA[tests/input/switch_input_test.cpp:644
Failure
Expected retry count: 3
  Actual retry count: 4
Synthetic Jenkins build: 08]]></failure>
    </testcase>
    <testcase name="MapSwitchPosition_IgnitionOn" file="tests/input/switch_input_test.cpp" line="648" status="run" result="completed" time="0.210" timestamp="2026-08-31T00:00:00Z" classname="SwitchInput.MapSwitchPositionTest" />
    <testcase name="MapSwitchPosition_VehicleStopped" file="tests/input/switch_input_test.cpp" line="652" status="run" result="completed" time="0.159" timestamp="2026-08-31T00:00:00Z" classname="SwitchInput.MapSwitchPositionTest" />
    <testcase name="MapSwitchPosition_VehicleMoving" file="tests/input/switch_input_test.cpp" line="656" status="run" result="completed" time="0.178" timestamp="2026-08-31T00:00:00Z" classname="SwitchInput.MapSwitchPositionTest" />
    <testcase name="MapSwitchPosition_DoorOpen" file="tests/input/switch_input_test.cpp" line="660" status="run" result="completed" time="0.214" timestamp="2026-08-31T00:00:00Z" classname="SwitchInput.MapSwitchPositionTest" />
    <testcase name="MapSwitchPosition_DoorClosed" file="tests/input/switch_input_test.cpp" line="664" status="run" result="completed" time="0.098" timestamp="2026-08-31T00:00:00Z" classname="SwitchInput.MapSwitchPositionTest" />
    <testcase name="MapSwitchPosition_ActuatorBusy" file="tests/input/switch_input_test.cpp" line="668" status="run" result="completed" time="0.226" timestamp="2026-08-31T00:00:00Z" classname="SwitchInput.MapSwitchPositionTest" />
    <testcase name="MapSwitchPosition_RecoveryAfterFault" file="tests/input/switch_input_test.cpp" line="672" status="run" result="completed" time="0.033" timestamp="2026-08-31T00:00:00Z" classname="SwitchInput.MapSwitchPositionTest" />
    <testcase name="MapSwitchPosition_PowerCycle" file="tests/input/switch_input_test.cpp" line="676" status="run" result="completed" time="0.109" timestamp="2026-08-31T00:00:00Z" classname="SwitchInput.MapSwitchPositionTest" />
  </testsuite>
  <testsuite name="SwitchInput.ReportSwitchFaultTest" tests="20" failures="1" disabled="0" skipped="0" errors="0" time="2.310" timestamp="2026-08-31T00:00:00Z">
    <properties>
      <property name="jenkins_build_number" value="08" />
      <property name="module" value="SwitchInput" />
      <property name="source_file" value="src/input/switch_input.cpp" />
      <property name="tested_function" value="ReportSwitchFault" />
      <property name="synthetic_data" value="true" />
      <property name="target_build_failure_rate_percent" value="10.0" />
    </properties>
    <testcase name="ReportSwitchFault_NominalInput" file="tests/input/switch_input_test.cpp" line="730" status="run" result="completed" time="0.011" timestamp="2026-08-31T00:00:00Z" classname="SwitchInput.ReportSwitchFaultTest" />
    <testcase name="ReportSwitchFault_LowerBoundary" file="tests/input/switch_input_test.cpp" line="734" status="run" result="completed" time="0.236" timestamp="2026-08-31T00:00:00Z" classname="SwitchInput.ReportSwitchFaultTest" />
    <testcase name="ReportSwitchFault_UpperBoundary" file="tests/input/switch_input_test.cpp" line="738" status="run" result="completed" time="0.109" timestamp="2026-08-31T00:00:00Z" classname="SwitchInput.ReportSwitchFaultTest" />
    <testcase name="ReportSwitchFault_BelowMinimum" file="tests/input/switch_input_test.cpp" line="742" status="run" result="completed" time="0.194" timestamp="2026-08-31T00:00:00Z" classname="SwitchInput.ReportSwitchFaultTest" />
    <testcase name="ReportSwitchFault_AboveMaximum" file="tests/input/switch_input_test.cpp" line="746" status="run" result="completed" time="0.185" timestamp="2026-08-31T00:00:00Z" classname="SwitchInput.ReportSwitchFaultTest" />
    <testcase name="ReportSwitchFault_MissingSignal" file="tests/input/switch_input_test.cpp" line="750" status="run" result="completed" time="0.168" timestamp="2026-08-31T00:00:00Z" classname="SwitchInput.ReportSwitchFaultTest" />
    <testcase name="ReportSwitchFault_SignalTimeout" file="tests/input/switch_input_test.cpp" line="754" status="run" result="completed" time="0.020" timestamp="2026-08-31T00:00:00Z" classname="SwitchInput.ReportSwitchFaultTest" />
    <testcase name="ReportSwitchFault_StaleSignal" file="tests/input/switch_input_test.cpp" line="758" status="run" result="completed" time="0.208" timestamp="2026-08-31T00:00:00Z" classname="SwitchInput.ReportSwitchFaultTest">
      <failure message="stale signal handling mismatch" type="AssertionFailure"><![CDATA[tests/input/switch_input_test.cpp:758
Failure
Expected stale signal to be rejected
  Actual stale signal was consumed
Synthetic Jenkins build: 08]]></failure>
    </testcase>
    <testcase name="ReportSwitchFault_RapidToggle" file="tests/input/switch_input_test.cpp" line="762" status="run" result="completed" time="0.071" timestamp="2026-08-31T00:00:00Z" classname="SwitchInput.ReportSwitchFaultTest" />
    <testcase name="ReportSwitchFault_RepeatedCommand" file="tests/input/switch_input_test.cpp" line="766" status="run" result="completed" time="0.058" timestamp="2026-08-31T00:00:00Z" classname="SwitchInput.ReportSwitchFaultTest" />
    <testcase name="ReportSwitchFault_ConcurrentRequest" file="tests/input/switch_input_test.cpp" line="770" status="run" result="completed" time="0.022" timestamp="2026-08-31T00:00:00Z" classname="SwitchInput.ReportSwitchFaultTest" />
    <testcase name="ReportSwitchFault_IgnitionOff" file="tests/input/switch_input_test.cpp" line="774" status="run" result="completed" time="0.238" timestamp="2026-08-31T00:00:00Z" classname="SwitchInput.ReportSwitchFaultTest" />
    <testcase name="ReportSwitchFault_IgnitionOn" file="tests/input/switch_input_test.cpp" line="778" status="run" result="completed" time="0.239" timestamp="2026-08-31T00:00:00Z" classname="SwitchInput.ReportSwitchFaultTest" />
    <testcase name="ReportSwitchFault_VehicleStopped" file="tests/input/switch_input_test.cpp" line="782" status="run" result="completed" time="0.084" timestamp="2026-08-31T00:00:00Z" classname="SwitchInput.ReportSwitchFaultTest" />
    <testcase name="ReportSwitchFault_VehicleMoving" file="tests/input/switch_input_test.cpp" line="786" status="run" result="completed" time="0.026" timestamp="2026-08-31T00:00:00Z" classname="SwitchInput.ReportSwitchFaultTest" />
    <testcase name="ReportSwitchFault_DoorOpen" file="tests/input/switch_input_test.cpp" line="790" status="run" result="completed" time="0.041" timestamp="2026-08-31T00:00:00Z" classname="SwitchInput.ReportSwitchFaultTest" />
    <testcase name="ReportSwitchFault_DoorClosed" file="tests/input/switch_input_test.cpp" line="794" status="run" result="completed" time="0.013" timestamp="2026-08-31T00:00:00Z" classname="SwitchInput.ReportSwitchFaultTest" />
    <testcase name="ReportSwitchFault_ActuatorBusy" file="tests/input/switch_input_test.cpp" line="798" status="run" result="completed" time="0.214" timestamp="2026-08-31T00:00:00Z" classname="SwitchInput.ReportSwitchFaultTest" />
    <testcase name="ReportSwitchFault_RecoveryAfterFault" file="tests/input/switch_input_test.cpp" line="802" status="run" result="completed" time="0.169" timestamp="2026-08-31T00:00:00Z" classname="SwitchInput.ReportSwitchFaultTest" />
    <testcase name="ReportSwitchFault_PowerCycle" file="tests/input/switch_input_test.cpp" line="806" status="run" result="completed" time="0.004" timestamp="2026-08-31T00:00:00Z" classname="SwitchInput.ReportSwitchFaultTest" />
  </testsuite>
</testsuites>
