<?xml version="1.0" encoding="UTF-8"?>
<testsuites tests="120" failures="9" disabled="0" errors="0" time="14.839" timestamp="2026-08-29T00:00:00Z" name="AllTests" random_seed="6190">
  <testsuite name="StateConsistencyMonitor.MonitorCommandFeedbackTest" tests="20" failures="2" disabled="0" skipped="0" errors="0" time="2.221" timestamp="2026-08-29T00:00:00Z">
    <properties>
      <property name="jenkins_build_number" value="06" />
      <property name="module" value="StateConsistencyMonitor" />
      <property name="source_file" value="src/monitor/state_consistency_monitor.cpp" />
      <property name="tested_function" value="MonitorCommandFeedback" />
      <property name="synthetic_data" value="true" />
      <property name="target_build_failure_rate_percent" value="7.0" />
    </properties>
    <testcase name="MonitorCommandFeedback_NominalInput" file="tests/monitor/state_consistency_monitor_test.cpp" line="80" status="run" result="completed" time="0.177" timestamp="2026-08-29T00:00:00Z" classname="StateConsistencyMonitor.MonitorCommandFeedbackTest" />
    <testcase name="MonitorCommandFeedback_LowerBoundary" file="tests/monitor/state_consistency_monitor_test.cpp" line="84" status="run" result="completed" time="0.190" timestamp="2026-08-29T00:00:00Z" classname="StateConsistencyMonitor.MonitorCommandFeedbackTest" />
    <testcase name="MonitorCommandFeedback_UpperBoundary" file="tests/monitor/state_consistency_monitor_test.cpp" line="88" status="run" result="completed" time="0.067" timestamp="2026-08-29T00:00:00Z" classname="StateConsistencyMonitor.MonitorCommandFeedbackTest" />
    <testcase name="MonitorCommandFeedback_BelowMinimum" file="tests/monitor/state_consistency_monitor_test.cpp" line="92" status="run" result="completed" time="0.241" timestamp="2026-08-29T00:00:00Z" classname="StateConsistencyMonitor.MonitorCommandFeedbackTest" />
    <testcase name="MonitorCommandFeedback_AboveMaximum" file="tests/monitor/state_consistency_monitor_test.cpp" line="96" status="run" result="completed" time="0.085" timestamp="2026-08-29T00:00:00Z" classname="StateConsistencyMonitor.MonitorCommandFeedbackTest" />
    <testcase name="MonitorCommandFeedback_MissingSignal" file="tests/monitor/state_consistency_monitor_test.cpp" line="100" status="run" result="completed" time="0.150" timestamp="2026-08-29T00:00:00Z" classname="StateConsistencyMonitor.MonitorCommandFeedbackTest" />
    <testcase name="MonitorCommandFeedback_SignalTimeout" file="tests/monitor/state_consistency_monitor_test.cpp" line="104" status="run" result="completed" time="0.086" timestamp="2026-08-29T00:00:00Z" classname="StateConsistencyMonitor.MonitorCommandFeedbackTest">
      <failure message="feedback timeout" type="AssertionFailure"><![CDATA[tests/monitor/state_consistency_monitor_test.cpp:104
Failure
Expected feedback before timeout
  Actual feedback: not received
Synthetic Jenkins build: 06]]></failure>
    </testcase>
    <testcase name="MonitorCommandFeedback_StaleSignal" file="tests/monitor/state_consistency_monitor_test.cpp" line="108" status="run" result="completed" time="0.130" timestamp="2026-08-29T00:00:00Z" classname="StateConsistencyMonitor.MonitorCommandFeedbackTest" />
    <testcase name="MonitorCommandFeedback_RapidToggle" file="tests/monitor/state_consistency_monitor_test.cpp" line="112" status="run" result="completed" time="0.195" timestamp="2026-08-29T00:00:00Z" classname="StateConsistencyMonitor.MonitorCommandFeedbackTest" />
    <testcase name="MonitorCommandFeedback_RepeatedCommand" file="tests/monitor/state_consistency_monitor_test.cpp" line="116" status="run" result="completed" time="0.130" timestamp="2026-08-29T00:00:00Z" classname="StateConsistencyMonitor.MonitorCommandFeedbackTest" />
    <testcase name="MonitorCommandFeedback_ConcurrentRequest" file="tests/monitor/state_consistency_monitor_test.cpp" line="120" status="run" result="completed" time="0.243" timestamp="2026-08-29T00:00:00Z" classname="StateConsistencyMonitor.MonitorCommandFeedbackTest" />
    <testcase name="MonitorCommandFeedback_IgnitionOff" file="tests/monitor/state_consistency_monitor_test.cpp" line="124" status="run" result="completed" time="0.131" timestamp="2026-08-29T00:00:00Z" classname="StateConsistencyMonitor.MonitorCommandFeedbackTest" />
    <testcase name="MonitorCommandFeedback_IgnitionOn" file="tests/monitor/state_consistency_monitor_test.cpp" line="128" status="run" result="completed" time="0.070" timestamp="2026-08-29T00:00:00Z" classname="StateConsistencyMonitor.MonitorCommandFeedbackTest" />
    <testcase name="MonitorCommandFeedback_VehicleStopped" file="tests/monitor/state_consistency_monitor_test.cpp" line="132" status="run" result="completed" time="0.055" timestamp="2026-08-29T00:00:00Z" classname="StateConsistencyMonitor.MonitorCommandFeedbackTest">
      <failure message="diagnostic event mismatch" type="AssertionFailure"><![CDATA[tests/monitor/state_consistency_monitor_test.cpp:132
Failure
Expected diagnostic event: ACTIVE
  Actual diagnostic event: INACTIVE
Synthetic Jenkins build: 06]]></failure>
    </testcase>
    <testcase name="MonitorCommandFeedback_VehicleMoving" file="tests/monitor/state_consistency_monitor_test.cpp" line="136" status="run" result="completed" time="0.113" timestamp="2026-08-29T00:00:00Z" classname="StateConsistencyMonitor.MonitorCommandFeedbackTest" />
    <testcase name="MonitorCommandFeedback_DoorOpen" file="tests/monitor/state_consistency_monitor_test.cpp" line="140" status="run" result="completed" time="0.019" timestamp="2026-08-29T00:00:00Z" classname="StateConsistencyMonitor.MonitorCommandFeedbackTest" />
    <testcase name="MonitorCommandFeedback_DoorClosed" file="tests/monitor/state_consistency_monitor_test.cpp" line="144" status="run" result="completed" time="0.018" timestamp="2026-08-29T00:00:00Z" classname="StateConsistencyMonitor.MonitorCommandFeedbackTest" />
    <testcase name="MonitorCommandFeedback_ActuatorBusy" file="tests/monitor/state_consistency_monitor_test.cpp" line="148" status="run" result="completed" time="0.051" timestamp="2026-08-29T00:00:00Z" classname="StateConsistencyMonitor.MonitorCommandFeedbackTest" />
    <testcase name="MonitorCommandFeedback_RecoveryAfterFault" file="tests/monitor/state_consistency_monitor_test.cpp" line="152" status="run" result="completed" time="0.012" timestamp="2026-08-29T00:00:00Z" classname="StateConsistencyMonitor.MonitorCommandFeedbackTest" />
    <testcase name="MonitorCommandFeedback_PowerCycle" file="tests/monitor/state_consistency_monitor_test.cpp" line="156" status="run" result="completed" time="0.058" timestamp="2026-08-29T00:00:00Z" classname="StateConsistencyMonitor.MonitorCommandFeedbackTest" />
  </testsuite>
  <testsuite name="StateConsistencyMonitor.DetectInconsistentStateTest" tests="20" failures="2" disabled="0" skipped="0" errors="0" time="2.397" timestamp="2026-08-29T00:00:00Z">
    <properties>
      <property name="jenkins_build_number" value="06" />
      <property name="module" value="StateConsistencyMonitor" />
      <property name="source_file" value="src/monitor/state_consistency_monitor.cpp" />
      <property name="tested_function" value="DetectInconsistentState" />
      <property name="synthetic_data" value="true" />
      <property name="target_build_failure_rate_percent" value="7.0" />
    </properties>
    <testcase name="DetectInconsistentState_NominalInput" file="tests/monitor/state_consistency_monitor_test.cpp" line="210" status="run" result="completed" time="0.057" timestamp="2026-08-29T00:00:00Z" classname="StateConsistencyMonitor.DetectInconsistentStateTest" />
    <testcase name="DetectInconsistentState_LowerBoundary" file="tests/monitor/state_consistency_monitor_test.cpp" line="214" status="run" result="completed" time="0.028" timestamp="2026-08-29T00:00:00Z" classname="StateConsistencyMonitor.DetectInconsistentStateTest" />
    <testcase name="DetectInconsistentState_UpperBoundary" file="tests/monitor/state_consistency_monitor_test.cpp" line="218" status="run" result="completed" time="0.011" timestamp="2026-08-29T00:00:00Z" classname="StateConsistencyMonitor.DetectInconsistentStateTest" />
    <testcase name="DetectInconsistentState_BelowMinimum" file="tests/monitor/state_consistency_monitor_test.cpp" line="222" status="run" result="completed" time="0.077" timestamp="2026-08-29T00:00:00Z" classname="StateConsistencyMonitor.DetectInconsistentStateTest" />
    <testcase name="DetectInconsistentState_AboveMaximum" file="tests/monitor/state_consistency_monitor_test.cpp" line="226" status="run" result="completed" time="0.202" timestamp="2026-08-29T00:00:00Z" classname="StateConsistencyMonitor.DetectInconsistentStateTest" />
    <testcase name="DetectInconsistentState_MissingSignal" file="tests/monitor/state_consistency_monitor_test.cpp" line="230" status="run" result="completed" time="0.086" timestamp="2026-08-29T00:00:00Z" classname="StateConsistencyMonitor.DetectInconsistentStateTest" />
    <testcase name="DetectInconsistentState_SignalTimeout" file="tests/monitor/state_consistency_monitor_test.cpp" line="234" status="run" result="completed" time="0.092" timestamp="2026-08-29T00:00:00Z" classname="StateConsistencyMonitor.DetectInconsistentStateTest" />
    <testcase name="DetectInconsistentState_StaleSignal" file="tests/monitor/state_consistency_monitor_test.cpp" line="238" status="run" result="completed" time="0.115" timestamp="2026-08-29T00:00:00Z" classname="StateConsistencyMonitor.DetectInconsistentStateTest" />
    <testcase name="DetectInconsistentState_RapidToggle" file="tests/monitor/state_consistency_monitor_test.cpp" line="242" status="run" result="completed" time="0.029" timestamp="2026-08-29T00:00:00Z" classname="StateConsistencyMonitor.DetectInconsistentStateTest" />
    <testcase name="DetectInconsistentState_RepeatedCommand" file="tests/monitor/state_consistency_monitor_test.cpp" line="246" status="run" result="completed" time="0.139" timestamp="2026-08-29T00:00:00Z" classname="StateConsistencyMonitor.DetectInconsistentStateTest" />
    <testcase name="DetectInconsistentState_ConcurrentRequest" file="tests/monitor/state_consistency_monitor_test.cpp" line="250" status="run" result="completed" time="0.204" timestamp="2026-08-29T00:00:00Z" classname="StateConsistencyMonitor.DetectInconsistentStateTest" />
    <testcase name="DetectInconsistentState_IgnitionOff" file="tests/monitor/state_consistency_monitor_test.cpp" line="254" status="run" result="completed" time="0.129" timestamp="2026-08-29T00:00:00Z" classname="StateConsistencyMonitor.DetectInconsistentStateTest" />
    <testcase name="DetectInconsistentState_IgnitionOn" file="tests/monitor/state_consistency_monitor_test.cpp" line="258" status="run" result="completed" time="0.154" timestamp="2026-08-29T00:00:00Z" classname="StateConsistencyMonitor.DetectInconsistentStateTest" />
    <testcase name="DetectInconsistentState_VehicleStopped" file="tests/monitor/state_consistency_monitor_test.cpp" line="262" status="run" result="completed" time="0.167" timestamp="2026-08-29T00:00:00Z" classname="StateConsistencyMonitor.DetectInconsistentStateTest">
      <failure message="stale signal handling mismatch" type="AssertionFailure"><![CDATA[tests/monitor/state_consistency_monitor_test.cpp:262
Failure
Expected stale signal to be rejected
  Actual stale signal was consumed
Synthetic Jenkins build: 06]]></failure>
    </testcase>
    <testcase name="DetectInconsistentState_VehicleMoving" file="tests/monitor/state_consistency_monitor_test.cpp" line="266" status="run" result="completed" time="0.223" timestamp="2026-08-29T00:00:00Z" classname="StateConsistencyMonitor.DetectInconsistentStateTest" />
    <testcase name="DetectInconsistentState_DoorOpen" file="tests/monitor/state_consistency_monitor_test.cpp" line="270" status="run" result="completed" time="0.018" timestamp="2026-08-29T00:00:00Z" classname="StateConsistencyMonitor.DetectInconsistentStateTest" />
    <testcase name="DetectInconsistentState_DoorClosed" file="tests/monitor/state_consistency_monitor_test.cpp" line="274" status="run" result="completed" time="0.222" timestamp="2026-08-29T00:00:00Z" classname="StateConsistencyMonitor.DetectInconsistentStateTest" />
    <testcase name="DetectInconsistentState_ActuatorBusy" file="tests/monitor/state_consistency_monitor_test.cpp" line="278" status="run" result="completed" time="0.038" timestamp="2026-08-29T00:00:00Z" classname="StateConsistencyMonitor.DetectInconsistentStateTest">
      <failure message="state mismatch" type="AssertionFailure"><![CDATA[tests/monitor/state_consistency_monitor_test.cpp:278
Failure
Expected child-lock state: LOCKED
  Actual child-lock state: UNLOCKED
Synthetic Jenkins build: 06]]></failure>
    </testcase>
    <testcase name="DetectInconsistentState_RecoveryAfterFault" file="tests/monitor/state_consistency_monitor_test.cpp" line="282" status="run" result="completed" time="0.201" timestamp="2026-08-29T00:00:00Z" classname="StateConsistencyMonitor.DetectInconsistentStateTest" />
    <testcase name="DetectInconsistentState_PowerCycle" file="tests/monitor/state_consistency_monitor_test.cpp" line="286" status="run" result="completed" time="0.205" timestamp="2026-08-29T00:00:00Z" classname="StateConsistencyMonitor.DetectInconsistentStateTest" />
  </testsuite>
  <testsuite name="StateConsistencyMonitor.EnterProtectiveStateTest" tests="20" failures="1" disabled="0" skipped="0" errors="0" time="2.447" timestamp="2026-08-29T00:00:00Z">
    <properties>
      <property name="jenkins_build_number" value="06" />
      <property name="module" value="StateConsistencyMonitor" />
      <property name="source_file" value="src/monitor/state_consistency_monitor.cpp" />
      <property name="tested_function" value="EnterProtectiveState" />
      <property name="synthetic_data" value="true" />
      <property name="target_build_failure_rate_percent" value="7.0" />
    </properties>
    <testcase name="EnterProtectiveState_NominalInput" file="tests/monitor/state_consistency_monitor_test.cpp" line="340" status="run" result="completed" time="0.180" timestamp="2026-08-29T00:00:00Z" classname="StateConsistencyMonitor.EnterProtectiveStateTest" />
    <testcase name="EnterProtectiveState_LowerBoundary" file="tests/monitor/state_consistency_monitor_test.cpp" line="344" status="run" result="completed" time="0.154" timestamp="2026-08-29T00:00:00Z" classname="StateConsistencyMonitor.EnterProtectiveStateTest" />
    <testcase name="EnterProtectiveState_UpperBoundary" file="tests/monitor/state_consistency_monitor_test.cpp" line="348" status="run" result="completed" time="0.248" timestamp="2026-08-29T00:00:00Z" classname="StateConsistencyMonitor.EnterProtectiveStateTest" />
    <testcase name="EnterProtectiveState_BelowMinimum" file="tests/monitor/state_consistency_monitor_test.cpp" line="352" status="run" result="completed" time="0.050" timestamp="2026-08-29T00:00:00Z" classname="StateConsistencyMonitor.EnterProtectiveStateTest" />
    <testcase name="EnterProtectiveState_AboveMaximum" file="tests/monitor/state_consistency_monitor_test.cpp" line="356" status="run" result="completed" time="0.054" timestamp="2026-08-29T00:00:00Z" classname="StateConsistencyMonitor.EnterProtectiveStateTest" />
    <testcase name="EnterProtectiveState_MissingSignal" file="tests/monitor/state_consistency_monitor_test.cpp" line="360" status="run" result="completed" time="0.107" timestamp="2026-08-29T00:00:00Z" classname="StateConsistencyMonitor.EnterProtectiveStateTest" />
    <testcase name="EnterProtectiveState_SignalTimeout" file="tests/monitor/state_consistency_monitor_test.cpp" line="364" status="run" result="completed" time="0.066" timestamp="2026-08-29T00:00:00Z" classname="StateConsistencyMonitor.EnterProtectiveStateTest" />
    <testcase name="EnterProtectiveState_StaleSignal" file="tests/monitor/state_consistency_monitor_test.cpp" line="368" status="run" result="completed" time="0.187" timestamp="2026-08-29T00:00:00Z" classname="StateConsistencyMonitor.EnterProtectiveStateTest" />
    <testcase name="EnterProtectiveState_RapidToggle" file="tests/monitor/state_consistency_monitor_test.cpp" line="372" status="run" result="completed" time="0.198" timestamp="2026-08-29T00:00:00Z" classname="StateConsistencyMonitor.EnterProtectiveStateTest" />
    <testcase name="EnterProtectiveState_RepeatedCommand" file="tests/monitor/state_consistency_monitor_test.cpp" line="376" status="run" result="completed" time="0.211" timestamp="2026-08-29T00:00:00Z" classname="StateConsistencyMonitor.EnterProtectiveStateTest" />
    <testcase name="EnterProtectiveState_ConcurrentRequest" file="tests/monitor/state_consistency_monitor_test.cpp" line="380" status="run" result="completed" time="0.114" timestamp="2026-08-29T00:00:00Z" classname="StateConsistencyMonitor.EnterProtectiveStateTest" />
    <testcase name="EnterProtectiveState_IgnitionOff" file="tests/monitor/state_consistency_monitor_test.cpp" line="384" status="run" result="completed" time="0.179" timestamp="2026-08-29T00:00:00Z" classname="StateConsistencyMonitor.EnterProtectiveStateTest" />
    <testcase name="EnterProtectiveState_IgnitionOn" file="tests/monitor/state_consistency_monitor_test.cpp" line="388" status="run" result="completed" time="0.052" timestamp="2026-08-29T00:00:00Z" classname="StateConsistencyMonitor.EnterProtectiveStateTest" />
    <testcase name="EnterProtectiveState_VehicleStopped" file="tests/monitor/state_consistency_monitor_test.cpp" line="392" status="run" result="completed" time="0.048" timestamp="2026-08-29T00:00:00Z" classname="StateConsistencyMonitor.EnterProtectiveStateTest" />
    <testcase name="EnterProtectiveState_VehicleMoving" file="tests/monitor/state_consistency_monitor_test.cpp" line="396" status="run" result="completed" time="0.039" timestamp="2026-08-29T00:00:00Z" classname="StateConsistencyMonitor.EnterProtectiveStateTest" />
    <testcase name="EnterProtectiveState_DoorOpen" file="tests/monitor/state_consistency_monitor_test.cpp" line="400" status="run" result="completed" time="0.111" timestamp="2026-08-29T00:00:00Z" classname="StateConsistencyMonitor.EnterProtectiveStateTest" />
    <testcase name="EnterProtectiveState_DoorClosed" file="tests/monitor/state_consistency_monitor_test.cpp" line="404" status="run" result="completed" time="0.123" timestamp="2026-08-29T00:00:00Z" classname="StateConsistencyMonitor.EnterProtectiveStateTest" />
    <testcase name="EnterProtectiveState_ActuatorBusy" file="tests/monitor/state_consistency_monitor_test.cpp" line="408" status="run" result="completed" time="0.062" timestamp="2026-08-29T00:00:00Z" classname="StateConsistencyMonitor.EnterProtectiveStateTest" />
    <testcase name="EnterProtectiveState_RecoveryAfterFault" file="tests/monitor/state_consistency_monitor_test.cpp" line="412" status="run" result="completed" time="0.014" timestamp="2026-08-29T00:00:00Z" classname="StateConsistencyMonitor.EnterProtectiveStateTest" />
    <testcase name="EnterProtectiveState_PowerCycle" file="tests/monitor/state_consistency_monitor_test.cpp" line="416" status="run" result="completed" time="0.250" timestamp="2026-08-29T00:00:00Z" classname="StateConsistencyMonitor.EnterProtectiveStateTest">
      <failure message="feedback timeout" type="AssertionFailure"><![CDATA[tests/monitor/state_consistency_monitor_test.cpp:416
Failure
Expected feedback before timeout
  Actual feedback: not received
Synthetic Jenkins build: 06]]></failure>
    </testcase>
  </testsuite>
  <testsuite name="StateConsistencyMonitor.WatchdogExpiryTest" tests="20" failures="1" disabled="0" skipped="0" errors="0" time="3.013" timestamp="2026-08-29T00:00:00Z">
    <properties>
      <property name="jenkins_build_number" value="06" />
      <property name="module" value="StateConsistencyMonitor" />
      <property name="source_file" value="src/monitor/state_consistency_monitor.cpp" />
      <property name="tested_function" value="WatchdogExpiry" />
      <property name="synthetic_data" value="true" />
      <property name="target_build_failure_rate_percent" value="7.0" />
    </properties>
    <testcase name="WatchdogExpiry_NominalInput" file="tests/monitor/state_consistency_monitor_test.cpp" line="470" status="run" result="completed" time="0.149" timestamp="2026-08-29T00:00:00Z" classname="StateConsistencyMonitor.WatchdogExpiryTest" />
    <testcase name="WatchdogExpiry_LowerBoundary" file="tests/monitor/state_consistency_monitor_test.cpp" line="474" status="run" result="completed" time="0.214" timestamp="2026-08-29T00:00:00Z" classname="StateConsistencyMonitor.WatchdogExpiryTest" />
    <testcase name="WatchdogExpiry_UpperBoundary" file="tests/monitor/state_consistency_monitor_test.cpp" line="478" status="run" result="completed" time="0.150" timestamp="2026-08-29T00:00:00Z" classname="StateConsistencyMonitor.WatchdogExpiryTest" />
    <testcase name="WatchdogExpiry_BelowMinimum" file="tests/monitor/state_consistency_monitor_test.cpp" line="482" status="run" result="completed" time="0.194" timestamp="2026-08-29T00:00:00Z" classname="StateConsistencyMonitor.WatchdogExpiryTest" />
    <testcase name="WatchdogExpiry_AboveMaximum" file="tests/monitor/state_consistency_monitor_test.cpp" line="486" status="run" result="completed" time="0.241" timestamp="2026-08-29T00:00:00Z" classname="StateConsistencyMonitor.WatchdogExpiryTest">
      <failure message="state mismatch" type="AssertionFailure"><![CDATA[tests/monitor/state_consistency_monitor_test.cpp:486
Failure
Expected child-lock state: LOCKED
  Actual child-lock state: UNLOCKED
Synthetic Jenkins build: 06]]></failure>
    </testcase>
    <testcase name="WatchdogExpiry_MissingSignal" file="tests/monitor/state_consistency_monitor_test.cpp" line="490" status="run" result="completed" time="0.094" timestamp="2026-08-29T00:00:00Z" classname="StateConsistencyMonitor.WatchdogExpiryTest" />
    <testcase name="WatchdogExpiry_SignalTimeout" file="tests/monitor/state_consistency_monitor_test.cpp" line="494" status="run" result="completed" time="0.131" timestamp="2026-08-29T00:00:00Z" classname="StateConsistencyMonitor.WatchdogExpiryTest" />
    <testcase name="WatchdogExpiry_StaleSignal" file="tests/monitor/state_consistency_monitor_test.cpp" line="498" status="run" result="completed" time="0.056" timestamp="2026-08-29T00:00:00Z" classname="StateConsistencyMonitor.WatchdogExpiryTest" />
    <testcase name="WatchdogExpiry_RapidToggle" file="tests/monitor/state_consistency_monitor_test.cpp" line="502" status="run" result="completed" time="0.102" timestamp="2026-08-29T00:00:00Z" classname="StateConsistencyMonitor.WatchdogExpiryTest" />
    <testcase name="WatchdogExpiry_RepeatedCommand" file="tests/monitor/state_consistency_monitor_test.cpp" line="506" status="run" result="completed" time="0.119" timestamp="2026-08-29T00:00:00Z" classname="StateConsistencyMonitor.WatchdogExpiryTest" />
    <testcase name="WatchdogExpiry_ConcurrentRequest" file="tests/monitor/state_consistency_monitor_test.cpp" line="510" status="run" result="completed" time="0.224" timestamp="2026-08-29T00:00:00Z" classname="StateConsistencyMonitor.WatchdogExpiryTest" />
    <testcase name="WatchdogExpiry_IgnitionOff" file="tests/monitor/state_consistency_monitor_test.cpp" line="514" status="run" result="completed" time="0.190" timestamp="2026-08-29T00:00:00Z" classname="StateConsistencyMonitor.WatchdogExpiryTest" />
    <testcase name="WatchdogExpiry_IgnitionOn" file="tests/monitor/state_consistency_monitor_test.cpp" line="518" status="run" result="completed" time="0.136" timestamp="2026-08-29T00:00:00Z" classname="StateConsistencyMonitor.WatchdogExpiryTest" />
    <testcase name="WatchdogExpiry_VehicleStopped" file="tests/monitor/state_consistency_monitor_test.cpp" line="522" status="run" result="completed" time="0.185" timestamp="2026-08-29T00:00:00Z" classname="StateConsistencyMonitor.WatchdogExpiryTest" />
    <testcase name="WatchdogExpiry_VehicleMoving" file="tests/monitor/state_consistency_monitor_test.cpp" line="526" status="run" result="completed" time="0.161" timestamp="2026-08-29T00:00:00Z" classname="StateConsistencyMonitor.WatchdogExpiryTest" />
    <testcase name="WatchdogExpiry_DoorOpen" file="tests/monitor/state_consistency_monitor_test.cpp" line="530" status="run" result="completed" time="0.237" timestamp="2026-08-29T00:00:00Z" classname="StateConsistencyMonitor.WatchdogExpiryTest" />
    <testcase name="WatchdogExpiry_DoorClosed" file="tests/monitor/state_consistency_monitor_test.cpp" line="534" status="run" result="completed" time="0.115" timestamp="2026-08-29T00:00:00Z" classname="StateConsistencyMonitor.WatchdogExpiryTest" />
    <testcase name="WatchdogExpiry_ActuatorBusy" file="tests/monitor/state_consistency_monitor_test.cpp" line="538" status="run" result="completed" time="0.165" timestamp="2026-08-29T00:00:00Z" classname="StateConsistencyMonitor.WatchdogExpiryTest" />
    <testcase name="WatchdogExpiry_RecoveryAfterFault" file="tests/monitor/state_consistency_monitor_test.cpp" line="542" status="run" result="completed" time="0.057" timestamp="2026-08-29T00:00:00Z" classname="StateConsistencyMonitor.WatchdogExpiryTest" />
    <testcase name="WatchdogExpiry_PowerCycle" file="tests/monitor/state_consistency_monitor_test.cpp" line="546" status="run" result="completed" time="0.093" timestamp="2026-08-29T00:00:00Z" classname="StateConsistencyMonitor.WatchdogExpiryTest" />
  </testsuite>
  <testsuite name="StateConsistencyMonitor.SuppressRepeatedCommandTest" tests="20" failures="3" disabled="0" skipped="0" errors="0" time="2.154" timestamp="2026-08-29T00:00:00Z">
    <properties>
      <property name="jenkins_build_number" value="06" />
      <property name="module" value="StateConsistencyMonitor" />
      <property name="source_file" value="src/monitor/state_consistency_monitor.cpp" />
      <property name="tested_function" value="SuppressRepeatedCommand" />
      <property name="synthetic_data" value="true" />
      <property name="target_build_failure_rate_percent" value="7.0" />
    </properties>
    <testcase name="SuppressRepeatedCommand_NominalInput" file="tests/monitor/state_consistency_monitor_test.cpp" line="600" status="run" result="completed" time="0.044" timestamp="2026-08-29T00:00:00Z" classname="StateConsistencyMonitor.SuppressRepeatedCommandTest" />
    <testcase name="SuppressRepeatedCommand_LowerBoundary" file="tests/monitor/state_consistency_monitor_test.cpp" line="604" status="run" result="completed" time="0.087" timestamp="2026-08-29T00:00:00Z" classname="StateConsistencyMonitor.SuppressRepeatedCommandTest" />
    <testcase name="SuppressRepeatedCommand_UpperBoundary" file="tests/monitor/state_consistency_monitor_test.cpp" line="608" status="run" result="completed" time="0.036" timestamp="2026-08-29T00:00:00Z" classname="StateConsistencyMonitor.SuppressRepeatedCommandTest" />
    <testcase name="SuppressRepeatedCommand_BelowMinimum" file="tests/monitor/state_consistency_monitor_test.cpp" line="612" status="run" result="completed" time="0.003" timestamp="2026-08-29T00:00:00Z" classname="StateConsistencyMonitor.SuppressRepeatedCommandTest" />
    <testcase name="SuppressRepeatedCommand_AboveMaximum" file="tests/monitor/state_consistency_monitor_test.cpp" line="616" status="run" result="completed" time="0.133" timestamp="2026-08-29T00:00:00Z" classname="StateConsistencyMonitor.SuppressRepeatedCommandTest">
      <failure message="feedback timeout" type="AssertionFailure"><![CDATA[tests/monitor/state_consistency_monitor_test.cpp:616
Failure
Expected feedback before timeout
  Actual feedback: not received
Synthetic Jenkins build: 06]]></failure>
    </testcase>
    <testcase name="SuppressRepeatedCommand_MissingSignal" file="tests/monitor/state_consistency_monitor_test.cpp" line="620" status="run" result="completed" time="0.240" timestamp="2026-08-29T00:00:00Z" classname="StateConsistencyMonitor.SuppressRepeatedCommandTest" />
    <testcase name="SuppressRepeatedCommand_SignalTimeout" file="tests/monitor/state_consistency_monitor_test.cpp" line="624" status="run" result="completed" time="0.184" timestamp="2026-08-29T00:00:00Z" classname="StateConsistencyMonitor.SuppressRepeatedCommandTest" />
    <testcase name="SuppressRepeatedCommand_StaleSignal" file="tests/monitor/state_consistency_monitor_test.cpp" line="628" status="run" result="completed" time="0.019" timestamp="2026-08-29T00:00:00Z" classname="StateConsistencyMonitor.SuppressRepeatedCommandTest">
      <failure message="message validation mismatch" type="AssertionFailure"><![CDATA[tests/monitor/state_consistency_monitor_test.cpp:628
Failure
Expected invalid message to be discarded
  Actual invalid message was forwarded
Synthetic Jenkins build: 06]]></failure>
    </testcase>
    <testcase name="SuppressRepeatedCommand_RapidToggle" file="tests/monitor/state_consistency_monitor_test.cpp" line="632" status="run" result="completed" time="0.117" timestamp="2026-08-29T00:00:00Z" classname="StateConsistencyMonitor.SuppressRepeatedCommandTest" />
    <testcase name="SuppressRepeatedCommand_RepeatedCommand" file="tests/monitor/state_consistency_monitor_test.cpp" line="636" status="run" result="completed" time="0.069" timestamp="2026-08-29T00:00:00Z" classname="StateConsistencyMonitor.SuppressRepeatedCommandTest" />
    <testcase name="SuppressRepeatedCommand_ConcurrentRequest" file="tests/monitor/state_consistency_monitor_test.cpp" line="640" status="run" result="completed" time="0.080" timestamp="2026-08-29T00:00:00Z" classname="StateConsistencyMonitor.SuppressRepeatedCommandTest" />
    <testcase name="SuppressRepeatedCommand_IgnitionOff" file="tests/monitor/state_consistency_monitor_test.cpp" line="644" status="run" result="completed" time="0.211" timestamp="2026-08-29T00:00:00Z" classname="StateConsistencyMonitor.SuppressRepeatedCommandTest" />
    <testcase name="SuppressRepeatedCommand_IgnitionOn" file="tests/monitor/state_consistency_monitor_test.cpp" line="648" status="run" result="completed" time="0.148" timestamp="2026-08-29T00:00:00Z" classname="StateConsistencyMonitor.SuppressRepeatedCommandTest" />
    <testcase name="SuppressRepeatedCommand_VehicleStopped" file="tests/monitor/state_consistency_monitor_test.cpp" line="652" status="run" result="completed" time="0.223" timestamp="2026-08-29T00:00:00Z" classname="StateConsistencyMonitor.SuppressRepeatedCommandTest" />
    <testcase name="SuppressRepeatedCommand_VehicleMoving" file="tests/monitor/state_consistency_monitor_test.cpp" line="656" status="run" result="completed" time="0.066" timestamp="2026-08-29T00:00:00Z" classname="StateConsistencyMonitor.SuppressRepeatedCommandTest" />
    <testcase name="SuppressRepeatedCommand_DoorOpen" file="tests/monitor/state_consistency_monitor_test.cpp" line="660" status="run" result="completed" time="0.120" timestamp="2026-08-29T00:00:00Z" classname="StateConsistencyMonitor.SuppressRepeatedCommandTest" />
    <testcase name="SuppressRepeatedCommand_DoorClosed" file="tests/monitor/state_consistency_monitor_test.cpp" line="664" status="run" result="completed" time="0.125" timestamp="2026-08-29T00:00:00Z" classname="StateConsistencyMonitor.SuppressRepeatedCommandTest">
      <failure message="stale signal handling mismatch" type="AssertionFailure"><![CDATA[tests/monitor/state_consistency_monitor_test.cpp:664
Failure
Expected stale signal to be rejected
  Actual stale signal was consumed
Synthetic Jenkins build: 06]]></failure>
    </testcase>
    <testcase name="SuppressRepeatedCommand_ActuatorBusy" file="tests/monitor/state_consistency_monitor_test.cpp" line="668" status="run" result="completed" time="0.089" timestamp="2026-08-29T00:00:00Z" classname="StateConsistencyMonitor.SuppressRepeatedCommandTest" />
    <testcase name="SuppressRepeatedCommand_RecoveryAfterFault" file="tests/monitor/state_consistency_monitor_test.cpp" line="672" status="run" result="completed" time="0.012" timestamp="2026-08-29T00:00:00Z" classname="StateConsistencyMonitor.SuppressRepeatedCommandTest" />
    <testcase name="SuppressRepeatedCommand_PowerCycle" file="tests/monitor/state_consistency_monitor_test.cpp" line="676" status="run" result="completed" time="0.148" timestamp="2026-08-29T00:00:00Z" classname="StateConsistencyMonitor.SuppressRepeatedCommandTest" />
  </testsuite>
  <testsuite name="StateConsistencyMonitor.ReportMonitorFaultTest" tests="20" failures="0" disabled="0" skipped="0" errors="0" time="2.607" timestamp="2026-08-29T00:00:00Z">
    <properties>
      <property name="jenkins_build_number" value="06" />
      <property name="module" value="StateConsistencyMonitor" />
      <property name="source_file" value="src/monitor/state_consistency_monitor.cpp" />
      <property name="tested_function" value="ReportMonitorFault" />
      <property name="synthetic_data" value="true" />
      <property name="target_build_failure_rate_percent" value="7.0" />
    </properties>
    <testcase name="ReportMonitorFault_NominalInput" file="tests/monitor/state_consistency_monitor_test.cpp" line="730" status="run" result="completed" time="0.138" timestamp="2026-08-29T00:00:00Z" classname="StateConsistencyMonitor.ReportMonitorFaultTest" />
    <testcase name="ReportMonitorFault_LowerBoundary" file="tests/monitor/state_consistency_monitor_test.cpp" line="734" status="run" result="completed" time="0.137" timestamp="2026-08-29T00:00:00Z" classname="StateConsistencyMonitor.ReportMonitorFaultTest" />
    <testcase name="ReportMonitorFault_UpperBoundary" file="tests/monitor/state_consistency_monitor_test.cpp" line="738" status="run" result="completed" time="0.033" timestamp="2026-08-29T00:00:00Z" classname="StateConsistencyMonitor.ReportMonitorFaultTest" />
    <testcase name="ReportMonitorFault_BelowMinimum" file="tests/monitor/state_consistency_monitor_test.cpp" line="742" status="run" result="completed" time="0.083" timestamp="2026-08-29T00:00:00Z" classname="StateConsistencyMonitor.ReportMonitorFaultTest" />
    <testcase name="ReportMonitorFault_AboveMaximum" file="tests/monitor/state_consistency_monitor_test.cpp" line="746" status="run" result="completed" time="0.068" timestamp="2026-08-29T00:00:00Z" classname="StateConsistencyMonitor.ReportMonitorFaultTest" />
    <testcase name="ReportMonitorFault_MissingSignal" file="tests/monitor/state_consistency_monitor_test.cpp" line="750" status="run" result="completed" time="0.124" timestamp="2026-08-29T00:00:00Z" classname="StateConsistencyMonitor.ReportMonitorFaultTest" />
    <testcase name="ReportMonitorFault_SignalTimeout" file="tests/monitor/state_consistency_monitor_test.cpp" line="754" status="run" result="completed" time="0.081" timestamp="2026-08-29T00:00:00Z" classname="StateConsistencyMonitor.ReportMonitorFaultTest" />
    <testcase name="ReportMonitorFault_StaleSignal" file="tests/monitor/state_consistency_monitor_test.cpp" line="758" status="run" result="completed" time="0.049" timestamp="2026-08-29T00:00:00Z" classname="StateConsistencyMonitor.ReportMonitorFaultTest" />
    <testcase name="ReportMonitorFault_RapidToggle" file="tests/monitor/state_consistency_monitor_test.cpp" line="762" status="run" result="completed" time="0.220" timestamp="2026-08-29T00:00:00Z" classname="StateConsistencyMonitor.ReportMonitorFaultTest" />
    <testcase name="ReportMonitorFault_RepeatedCommand" file="tests/monitor/state_consistency_monitor_test.cpp" line="766" status="run" result="completed" time="0.154" timestamp="2026-08-29T00:00:00Z" classname="StateConsistencyMonitor.ReportMonitorFaultTest" />
    <testcase name="ReportMonitorFault_ConcurrentRequest" file="tests/monitor/state_consistency_monitor_test.cpp" line="770" status="run" result="completed" time="0.202" timestamp="2026-08-29T00:00:00Z" classname="StateConsistencyMonitor.ReportMonitorFaultTest" />
    <testcase name="ReportMonitorFault_IgnitionOff" file="tests/monitor/state_consistency_monitor_test.cpp" line="774" status="run" result="completed" time="0.236" timestamp="2026-08-29T00:00:00Z" classname="StateConsistencyMonitor.ReportMonitorFaultTest" />
    <testcase name="ReportMonitorFault_IgnitionOn" file="tests/monitor/state_consistency_monitor_test.cpp" line="778" status="run" result="completed" time="0.177" timestamp="2026-08-29T00:00:00Z" classname="StateConsistencyMonitor.ReportMonitorFaultTest" />
    <testcase name="ReportMonitorFault_VehicleStopped" file="tests/monitor/state_consistency_monitor_test.cpp" line="782" status="run" result="completed" time="0.210" timestamp="2026-08-29T00:00:00Z" classname="StateConsistencyMonitor.ReportMonitorFaultTest" />
    <testcase name="ReportMonitorFault_VehicleMoving" file="tests/monitor/state_consistency_monitor_test.cpp" line="786" status="run" result="completed" time="0.124" timestamp="2026-08-29T00:00:00Z" classname="StateConsistencyMonitor.ReportMonitorFaultTest" />
    <testcase name="ReportMonitorFault_DoorOpen" file="tests/monitor/state_consistency_monitor_test.cpp" line="790" status="run" result="completed" time="0.079" timestamp="2026-08-29T00:00:00Z" classname="StateConsistencyMonitor.ReportMonitorFaultTest" />
    <testcase name="ReportMonitorFault_DoorClosed" file="tests/monitor/state_consistency_monitor_test.cpp" line="794" status="run" result="completed" time="0.235" timestamp="2026-08-29T00:00:00Z" classname="StateConsistencyMonitor.ReportMonitorFaultTest" />
    <testcase name="ReportMonitorFault_ActuatorBusy" file="tests/monitor/state_consistency_monitor_test.cpp" line="798" status="run" result="completed" time="0.057" timestamp="2026-08-29T00:00:00Z" classname="StateConsistencyMonitor.ReportMonitorFaultTest" />
    <testcase name="ReportMonitorFault_RecoveryAfterFault" file="tests/monitor/state_consistency_monitor_test.cpp" line="802" status="run" result="completed" time="0.157" timestamp="2026-08-29T00:00:00Z" classname="StateConsistencyMonitor.ReportMonitorFaultTest" />
    <testcase name="ReportMonitorFault_PowerCycle" file="tests/monitor/state_consistency_monitor_test.cpp" line="806" status="run" result="completed" time="0.043" timestamp="2026-08-29T00:00:00Z" classname="StateConsistencyMonitor.ReportMonitorFaultTest" />
  </testsuite>
</testsuites>
